<?xml version="1.0" encoding="UTF-8"?>
<testsuite xmlns:xsi="http://www.w3.org/2001/XMLSchema-instance" xsi:noNamespaceSchemaLocation="https://maven.apache.org/surefire/maven-surefire-plugin/xsd/surefire-test-report-3.0.xsd" version="3.0" name="store.aurora.CouponRepositoryTest" time="11.429" tests="5" errors="0" skipped="0" failures="0">
  <properties>
[...]
</properties>
  <testcase name="testFindByUserId" classname="store.aurora.CouponRepositoryTest" time="1.497">
    <system-out><![CDATA[10:31:07.873 [main] INFO org.springframework.test.context.support.AnnotationConfigContextLoaderUtils -- Could not detect default configuration classes for test class [store.aurora.CouponRepositoryTest]: CouponRepositoryTest does not declare any static, non-private, non-final, nested classes annotated with @Configuration.
10:31:08.243 [main] INFO org.springframework.boot.test.context.SpringBootTestContextBootstrapper -- Found @SpringBootConfiguration store.aurora.CouponApplication for test class store.aurora.CouponRepositoryTest
  .   ____          _            __ _ _
 /\\ / ___'_ __ _ _(_)_ __  __ _ \ \ \ \
( ( )\___ | '_ | '_| | '_ \/ _` | \ \ \ \
 \\/  ___)| |_)| | | | | || (_| |  ) ) ) )
  '  |____| .__|_| |_|_| |_\__, | / / / /
 =========|_|==============|___/=/_/_/_/

 :: Spring Boot ::                (v3.3.0)

2024-12-18T10:31:09.380+09:00 DEBUG 14335 --- [coupon-api] [kground-preinit] org.jboss.logging                        : Logging Provider: org.jboss.logging.Slf4jLoggerProvider found via system property
2024-12-18T10:31:09.391+09:00 DEBUG 14335 --- [coupon-api] [kground-preinit] o.h.v.i.xml.config.ValidationXmlParser   : Trying to load META-INF/validation.xml for XML based Validator configuration.
2024-12-18T10:31:09.392+09:00 DEBUG 14335 --- [coupon-api] [kground-preinit] o.h.v.i.xml.config.ResourceLoaderHelper  : Trying to load META-INF/validation.xml via TCCL
2024-12-18T10:31:09.393+09:00 DEBUG 14335 --- [coupon-api] [kground-preinit] o.h.v.i.xml.config.ResourceLoaderHelper  : Trying to load META-INF/validation.xml via Hibernate Validator's class loader
2024-12-18T10:31:09.393+09:00 DEBUG 14335 --- [coupon-api] [kground-preinit] o.h.v.i.xml.config.ValidationXmlParser   : No META-INF/validation.xml found. Using annotation based configuration only.
2024-12-18T10:31:09.399+09:00 DEBUG 14335 --- [coupon-api] [kground-preinit] o.h.v.i.e.resolver.TraversableResolvers  : Found jakarta.persistence.Persistence on classpath containing 'getPersistenceUtil'. Assuming JPA 2 environment. Trying to instantiate JPA aware TraversableResolver
2024-12-18T10:31:09.399+09:00 DEBUG 14335 --- [coupon-api] [kground-preinit] o.h.v.i.e.resolver.TraversableResolvers  : Instantiated JPA aware TraversableResolver of type org.hibernate.validator.internal.engine.resolver.JPATraversableResolver.
2024-12-18T10:31:09.434+09:00 DEBUG 14335 --- [coupon-api] [kground-preinit] .h.v.m.ResourceBundleMessageInterpolator : Loaded expression factory via original TCCL
2024-12-18T10:31:09.453+09:00  INFO 14335 --- [coupon-api] [           main] store.aurora.CouponRepositoryTest        : Starting CouponRepositoryTest using Java 21.0.4 with PID 14335 (started by asdf in /Users/asdf/5rora-coupon-api)
2024-12-18T10:31:09.454+09:00 DEBUG 14335 --- [coupon-api] [           main] store.aurora.CouponRepositoryTest        : Running with Spring Boot v3.3.0, Spring v6.1.8
2024-12-18T10:31:09.455+09:00  INFO 14335 --- [coupon-api] [           main] store.aurora.CouponRepositoryTest        : No active profile set, falling back to 1 default profile: "default"
2024-12-18T10:31:09.456+09:00 DEBUG 14335 --- [coupon-api] [           main] o.s.boot.SpringApplication               : Loading source class store.aurora.CouponApplication
2024-12-18T10:31:09.497+09:00 DEBUG 14335 --- [coupon-api] [           main] s.c.a.AnnotationConfigApplicationContext : Refreshing org.springframework.context.annotation.AnnotationConfigApplicationContext@aa10649
2024-12-18T10:31:09.521+09:00 DEBUG 14335 --- [coupon-api] [           main] o.s.b.f.s.DefaultListableBeanFactory     : Creating shared instance of singleton bean 'org.springframework.context.annotation.internalConfigurationAnnotationProcessor'
2024-12-18T10:31:09.549+09:00 DEBUG 14335 --- [coupon-api] [           main] o.s.b.f.s.DefaultListableBeanFactory     : Creating shared instance of singleton bean 'org.springframework.boot.autoconfigure.internalCachingMetadataReaderFactory'
2024-12-18T10:31:09.595+09:00 DEBUG 14335 --- [coupon-api] [kground-preinit] .i.e.ValidatorFactoryConfigurationHelper : HV000252: Using org.hibernate.validator.internal.engine.DefaultPropertyNodeNameProvider as property node name provider.
2024-12-18T10:31:09.605+09:00 DEBUG 14335 --- [coupon-api] [kground-preinit] .i.e.ValidatorFactoryConfigurationHelper : HV000234: Using org.hibernate.validator.messageinterpolation.ResourceBundleMessageInterpolator as ValidatorFactory-scoped message interpolator.
2024-12-18T10:31:09.608+09:00 DEBUG 14335 --- [coupon-api] [kground-preinit] .i.e.ValidatorFactoryConfigurationHelper : HV000234: Using org.hibernate.validator.internal.engine.resolver.JPATraversableResolver as ValidatorFactory-scoped traversable resolver.
2024-12-18T10:31:09.608+09:00 DEBUG 14335 --- [coupon-api] [kground-preinit] .i.e.ValidatorFactoryConfigurationHelper : HV000234: Using org.hibernate.validator.internal.util.ExecutableParameterNameProvider as ValidatorFactory-scoped parameter name provider.
2024-12-18T10:31:09.608+09:00 DEBUG 14335 --- [coupon-api] [kground-preinit] .i.e.ValidatorFactoryConfigurationHelper : HV000234: Using org.hibernate.validator.internal.engine.DefaultClockProvider as ValidatorFactory-scoped clock provider.
2024-12-18T10:31:09.609+09:00 DEBUG 14335 --- [coupon-api] [kground-preinit] .i.e.ValidatorFactoryConfigurationHelper : HV000234: Using org.hibernate.validator.internal.engine.scripting.DefaultScriptEvaluatorFactory as ValidatorFactory-scoped script evaluator factory.
2024-12-18T10:31:10.919+09:00  INFO 14335 --- [coupon-api] [           main] .s.d.r.c.RepositoryConfigurationDelegate : Bootstrapping Spring Data JPA repositories in DEFAULT mode.
2024-12-18T10:31:10.930+09:00 DEBUG 14335 --- [coupon-api] [           main] o.s.b.f.s.DefaultListableBeanFactory     : Creating shared instance of singleton bean 'org.springframework.boot.autoconfigure.AutoConfigurationPackages'
2024-12-18T10:31:10.941+09:00 DEBUG 14335 --- [coupon-api] [           main] o.s.b.a.AutoConfigurationPackages        : @EnableAutoConfiguration was declared on a class in the package 'store.aurora'. Automatic @Repository and @Entity scanning is enabled.
2024-12-18T10:31:10.944+09:00 DEBUG 14335 --- [coupon-api] [           main] .s.d.r.c.RepositoryConfigurationDelegate : Scanning for JPA repositories in packages store.aurora.
2024-12-18T10:31:10.969+09:00 DEBUG 14335 --- [coupon-api] [           main] o.s.d.r.c.RepositoryComponentProvider    : Identified candidate component class: file [/Users/asdf/5rora-coupon-api/target/classes/store/aurora/repository/BookPolicyRepository.class]
2024-12-18T10:31:10.971+09:00 DEBUG 14335 --- [coupon-api] [           main] o.s.d.r.c.RepositoryComponentProvider    : Identified candidate component class: file [/Users/asdf/5rora-coupon-api/target/classes/store/aurora/repository/CategoryPolicyRepository.class]
2024-12-18T10:31:10.971+09:00 DEBUG 14335 --- [coupon-api] [           main] o.s.d.r.c.RepositoryComponentProvider    : Identified candidate component class: file [/Users/asdf/5rora-coupon-api/target/classes/store/aurora/repository/CouponPolicyRepository.class]
2024-12-18T10:31:10.971+09:00 DEBUG 14335 --- [coupon-api] [           main] o.s.d.r.c.RepositoryComponentProvider    : Identified candidate component class: file [/Users/asdf/5rora-coupon-api/target/classes/store/aurora/repository/CouponRepository.class]
2024-12-18T10:31:10.971+09:00 DEBUG 14335 --- [coupon-api] [           main] o.s.d.r.c.RepositoryComponentProvider    : Identified candidate component class: file [/Users/asdf/5rora-coupon-api/target/classes/store/aurora/repository/DisCountRuleRepository.class]
2024-12-18T10:31:11.178+09:00  INFO 14335 --- [coupon-api] [           main] .s.d.r.c.RepositoryConfigurationDelegate : Finished Spring Data repository scanning in 232 ms. Found 5 JPA repository interfaces.
2024-12-18T10:31:11.295+09:00 DEBUG 14335 --- [coupon-api] [           main] o.s.b.f.s.DefaultListableBeanFactory     : Creating shared instance of singleton bean 'org.springframework.boot.test.context.ImportsContextCustomizer$ImportsCleanupPostProcessor'
2024-12-18T10:31:11.296+09:00 DEBUG 14335 --- [coupon-api] [           main] o.s.b.f.s.DefaultListableBeanFactory     : Creating shared instance of singleton bean 'embeddedDataSourceBeanFactoryPostProcessor'
2024-12-18T10:31:11.323+09:00  INFO 14335 --- [coupon-api] [           main] beddedDataSourceBeanFactoryPostProcessor : Replacing 'dataSource' DataSource bean with embedded version
2024-12-18T10:31:11.446+09:00 DEBUG 14335 --- [coupon-api] [           main] o.s.b.f.s.DefaultListableBeanFactory     : Creating shared instance of singleton bean 'org.springframework.boot.test.mock.mockito.MockitoPostProcessor'
2024-12-18T10:31:11.449+09:00 DEBUG 14335 --- [coupon-api] [           main] o.s.b.f.s.DefaultListableBeanFactory     : Creating shared instance of singleton bean 'emBeanDefinitionRegistrarPostProcessor'
2024-12-18T10:31:11.450+09:00 DEBUG 14335 --- [coupon-api] [           main] o.s.b.f.s.DefaultListableBeanFactory     : Creating shared instance of singleton bean 'org.springframework.boot.sql.init.dependency.DatabaseInitializationDependencyConfigurer$DependsOnDatabaseInitializationPostProcessor'
2024-12-18T10:31:11.542+09:00 DEBUG 14335 --- [coupon-api] [           main] o.s.b.f.s.DefaultListableBeanFactory     : Creating shared instance of singleton bean 'org.springframework.context.event.internalEventListenerProcessor'
2024-12-18T10:31:11.545+09:00 DEBUG 14335 --- [coupon-api] [           main] o.s.b.f.s.DefaultListableBeanFactory     : Creating shared instance of singleton bean 'org.springframework.context.event.internalEventListenerFactory'
2024-12-18T10:31:11.546+09:00 DEBUG 14335 --- [coupon-api] [           main] o.s.b.f.s.DefaultListableBeanFactory     : Creating shared instance of singleton bean 'org.springframework.transaction.config.internalTransactionalEventListenerFactory'
2024-12-18T10:31:11.564+09:00 DEBUG 14335 --- [coupon-api] [           main] o.s.b.f.s.DefaultListableBeanFactory     : Creating shared instance of singleton bean 'org.springframework.context.annotation.internalAutowiredAnnotationProcessor'
2024-12-18T10:31:11.567+09:00 DEBUG 14335 --- [coupon-api] [           main] o.s.b.f.s.DefaultListableBeanFactory     : Creating shared instance of singleton bean 'org.springframework.context.annotation.internalCommonAnnotationProcessor'
2024-12-18T10:31:11.571+09:00 DEBUG 14335 --- [coupon-api] [           main] o.s.b.f.s.DefaultListableBeanFactory     : Creating shared instance of singleton bean 'org.springframework.context.annotation.internalPersistenceAnnotationProcessor'
2024-12-18T10:31:11.572+09:00 DEBUG 14335 --- [coupon-api] [           main] o.s.b.f.s.DefaultListableBeanFactory     : Creating shared instance of singleton bean 'org.springframework.boot.test.mock.mockito.MockitoPostProcessor$SpyPostProcessor'
2024-12-18T10:31:11.574+09:00 DEBUG 14335 --- [coupon-api] [           main] o.s.b.f.s.DefaultListableBeanFactory     : Creating shared instance of singleton bean 'jdbcConnectionDetailsHikariBeanPostProcessor'
2024-12-18T10:31:11.583+09:00 DEBUG 14335 --- [coupon-api] [           main] o.s.b.f.s.DefaultListableBeanFactory     : Creating shared instance of singleton bean 'org.springframework.boot.context.properties.ConfigurationPropertiesBindingPostProcessor'
2024-12-18T10:31:11.584+09:00 DEBUG 14335 --- [coupon-api] [           main] o.s.b.f.s.DefaultListableBeanFactory     : Creating shared instance of singleton bean 'org.springframework.boot.context.internalConfigurationPropertiesBinder'
2024-12-18T10:31:11.591+09:00 DEBUG 14335 --- [coupon-api] [           main] o.s.b.f.s.DefaultListableBeanFactory     : Creating shared instance of singleton bean 'org.springframework.context.annotation.internalScheduledAnnotationProcessor'
2024-12-18T10:31:11.592+09:00 DEBUG 14335 --- [coupon-api] [           main] o.s.b.f.s.DefaultListableBeanFactory     : Creating shared instance of singleton bean 'org.springframework.scheduling.annotation.SchedulingConfiguration'
2024-12-18T10:31:11.605+09:00 DEBUG 14335 --- [coupon-api] [           main] o.s.b.f.s.DefaultListableBeanFactory     : Creating shared instance of singleton bean 'org.springframework.aop.config.internalAutoProxyCreator'
2024-12-18T10:31:11.633+09:00 DEBUG 14335 --- [coupon-api] [           main] o.s.b.f.s.DefaultListableBeanFactory     : Creating shared instance of singleton bean 'dataSourceScriptDatabaseInitializer'
2024-12-18T10:31:11.634+09:00 DEBUG 14335 --- [coupon-api] [           main] o.s.b.f.s.DefaultListableBeanFactory     : Creating shared instance of singleton bean 'org.springframework.boot.autoconfigure.sql.init.DataSourceInitializationConfiguration'
2024-12-18T10:31:11.637+09:00 DEBUG 14335 --- [coupon-api] [           main] o.s.b.f.s.DefaultListableBeanFactory     : Creating shared instance of singleton bean 'org.springframework.transaction.config.internalTransactionAdvisor'
2024-12-18T10:31:11.638+09:00 DEBUG 14335 --- [coupon-api] [           main] o.s.b.f.s.DefaultListableBeanFactory     : Creating shared instance of singleton bean 'org.springframework.transaction.annotation.ProxyTransactionManagementConfiguration'
2024-12-18T10:31:11.652+09:00 DEBUG 14335 --- [coupon-api] [           main] o.s.b.f.s.DefaultListableBeanFactory     : Creating shared instance of singleton bean 'transactionAttributeSource'
2024-12-18T10:31:11.655+09:00 DEBUG 14335 --- [coupon-api] [           main] o.s.b.f.s.DefaultListableBeanFactory     : Creating shared instance of singleton bean 'transactionInterceptor'
2024-12-18T10:31:11.656+09:00 DEBUG 14335 --- [coupon-api] [           main] o.s.b.f.s.DefaultListableBeanFactory     : Autowiring by type from bean name 'transactionInterceptor' via factory method to bean named 'transactionAttributeSource'
2024-12-18T10:31:11.663+09:00 DEBUG 14335 --- [coupon-api] [           main] o.s.b.f.s.DefaultListableBeanFactory     : Autowiring by type from bean name 'org.springframework.transaction.config.internalTransactionAdvisor' via factory method to bean named 'transactionAttributeSource'
2024-12-18T10:31:11.664+09:00 DEBUG 14335 --- [coupon-api] [           main] o.s.b.f.s.DefaultListableBeanFactory     : Autowiring by type from bean name 'org.springframework.transaction.config.internalTransactionAdvisor' via factory method to bean named 'transactionInterceptor'
2024-12-18T10:31:11.671+09:00 DEBUG 14335 --- [coupon-api] [           main] o.s.b.f.s.DefaultListableBeanFactory     : Creating shared instance of singleton bean 'dataSource'
2024-12-18T10:31:11.703+09:00  INFO 14335 --- [coupon-api] [           main] o.s.j.d.e.EmbeddedDatabaseFactory        : Starting embedded database: url='jdbc:h2:mem:c3b79b7d-e3f9-425b-a5f5-d700e326368f;DB_CLOSE_DELAY=-1;DB_CLOSE_ON_EXIT=false', username='sa'
2024-12-18T10:31:11.706+09:00 DEBUG 14335 --- [coupon-api] [           main] o.s.jdbc.datasource.DataSourceUtils      : Fetching JDBC Connection from DataSource
2024-12-18T10:31:11.707+09:00 DEBUG 14335 --- [coupon-api] [           main] o.s.j.datasource.SimpleDriverDataSource  : Creating new JDBC Driver Connection to [jdbc:h2:mem:c3b79b7d-e3f9-425b-a5f5-d700e326368f;DB_CLOSE_DELAY=-1;DB_CLOSE_ON_EXIT=false]
2024-12-18T10:31:11.954+09:00 DEBUG 14335 --- [coupon-api] [           main] o.s.b.f.s.DefaultListableBeanFactory     : Creating shared instance of singleton bean 'spring.sql.init-org.springframework.boot.autoconfigure.sql.init.SqlInitializationProperties'
2024-12-18T10:31:11.963+09:00 DEBUG 14335 --- [coupon-api] [           main] o.s.b.f.s.DefaultListableBeanFactory     : Creating shared instance of singleton bean 'org.springframework.boot.context.properties.BoundConfigurationProperties'
2024-12-18T10:31:12.008+09:00 DEBUG 14335 --- [coupon-api] [           main] o.s.b.f.s.DefaultListableBeanFactory     : Autowiring by type from bean name 'dataSourceScriptDatabaseInitializer' via factory method to bean named 'dataSource'
2024-12-18T10:31:12.008+09:00 DEBUG 14335 --- [coupon-api] [           main] o.s.b.f.s.DefaultListableBeanFactory     : Autowiring by type from bean name 'dataSourceScriptDatabaseInitializer' via factory method to bean named 'spring.sql.init-org.springframework.boot.autoconfigure.sql.init.SqlInitializationProperties'
2024-12-18T10:31:12.027+09:00 DEBUG 14335 --- [coupon-api] [           main] o.s.b.f.s.DefaultListableBeanFactory     : Creating shared instance of singleton bean 'entityManagerFactory'
2024-12-18T10:31:12.027+09:00 DEBUG 14335 --- [coupon-api] [           main] o.s.b.f.s.DefaultListableBeanFactory     : Creating shared instance of singleton bean 'org.springframework.boot.autoconfigure.orm.jpa.HibernateJpaConfiguration'
2024-12-18T10:31:12.030+09:00 DEBUG 14335 --- [coupon-api] [           main] o.s.b.f.s.DefaultListableBeanFactory     : Creating shared instance of singleton bean 'spring.jpa-org.springframework.boot.autoconfigure.orm.jpa.JpaProperties'
2024-12-18T10:31:12.044+09:00 DEBUG 14335 --- [coupon-api] [           main] o.s.b.f.s.DefaultListableBeanFactory     : Creating shared instance of singleton bean 'spring.jpa.hibernate-org.springframework.boot.autoconfigure.orm.jpa.HibernateProperties'
2024-12-18T10:31:12.051+09:00 DEBUG 14335 --- [coupon-api] [           main] o.s.b.f.s.DefaultListableBeanFactory     : Autowiring by type from bean name 'org.springframework.boot.autoconfigure.orm.jpa.HibernateJpaConfiguration' via constructor to bean named 'dataSource'
2024-12-18T10:31:12.051+09:00 DEBUG 14335 --- [coupon-api] [           main] o.s.b.f.s.DefaultListableBeanFactory     : Autowiring by type from bean name 'org.springframework.boot.autoconfigure.orm.jpa.HibernateJpaConfiguration' via constructor to bean named 'spring.jpa-org.springframework.boot.autoconfigure.orm.jpa.JpaProperties'
2024-12-18T10:31:12.051+09:00 DEBUG 14335 --- [coupon-api] [           main] o.s.b.f.s.DefaultListableBeanFactory     : Autowiring by type from bean name 'org.springframework.boot.autoconfigure.orm.jpa.HibernateJpaConfiguration' via constructor to bean named 'org.springframework.beans.factory.support.DefaultListableBeanFactory@2bc9a775'
2024-12-18T10:31:12.052+09:00 DEBUG 14335 --- [coupon-api] [           main] o.s.b.f.s.DefaultListableBeanFactory     : Autowiring by type from bean name 'org.springframework.boot.autoconfigure.orm.jpa.HibernateJpaConfiguration' via constructor to bean named 'spring.jpa.hibernate-org.springframework.boot.autoconfigure.orm.jpa.HibernateProperties'
2024-12-18T10:31:12.061+09:00 DEBUG 14335 --- [coupon-api] [           main] o.s.b.f.s.DefaultListableBeanFactory     : Creating shared instance of singleton bean 'hikariPoolDataSourceMetadataProvider'
2024-12-18T10:31:12.062+09:00 DEBUG 14335 --- [coupon-api] [           main] o.s.b.f.s.DefaultListableBeanFactory     : Creating shared instance of singleton bean 'org.springframework.boot.autoconfigure.jdbc.metadata.DataSourcePoolMetadataProvidersConfiguration$HikariPoolDataSourceMetadataProviderConfiguration'
2024-12-18T10:31:12.082+09:00 DEBUG 14335 --- [coupon-api] [           main] o.s.b.f.s.DefaultListableBeanFactory     : Creating shared instance of singleton bean 'entityManagerFactoryBuilder'
2024-12-18T10:31:12.085+09:00 DEBUG 14335 --- [coupon-api] [           main] o.s.b.f.s.DefaultListableBeanFactory     : Creating shared instance of singleton bean 'jpaVendorAdapter'
2024-12-18T10:31:12.105+09:00 DEBUG 14335 --- [coupon-api] [           main] o.s.b.f.s.DefaultListableBeanFactory     : Autowiring by type from bean name 'entityManagerFactoryBuilder' via factory method to bean named 'jpaVendorAdapter'
2024-12-18T10:31:12.116+09:00 DEBUG 14335 --- [coupon-api] [           main] o.s.b.f.s.DefaultListableBeanFactory     : Creating shared instance of singleton bean 'persistenceManagedTypes'
2024-12-18T10:31:12.122+09:00 DEBUG 14335 --- [coupon-api] [           main] o.s.b.f.s.DefaultListableBeanFactory     : Autowiring by type from bean name 'persistenceManagedTypes' via factory method to bean named 'org.springframework.beans.factory.support.DefaultListableBeanFactory@2bc9a775'
2024-12-18T10:31:12.122+09:00 DEBUG 14335 --- [coupon-api] [           main] o.s.b.f.s.DefaultListableBeanFactory     : Autowiring by type from bean name 'persistenceManagedTypes' via factory method to bean named 'org.springframework.context.annotation.AnnotationConfigApplicationContext@aa10649'
2024-12-18T10:31:12.164+09:00 DEBUG 14335 --- [coupon-api] [           main] o.s.b.f.s.DefaultListableBeanFactory     : Autowiring by type from bean name 'entityManagerFactory' via factory method to bean named 'entityManagerFactoryBuilder'
2024-12-18T10:31:12.164+09:00 DEBUG 14335 --- [coupon-api] [           main] o.s.b.f.s.DefaultListableBeanFactory     : Autowiring by type from bean name 'entityManagerFactory' via factory method to bean named 'persistenceManagedTypes'
2024-12-18T10:31:12.173+09:00 DEBUG 14335 --- [coupon-api] [           main] o.s.jdbc.datasource.DataSourceUtils      : Fetching JDBC Connection from DataSource
2024-12-18T10:31:12.174+09:00 DEBUG 14335 --- [coupon-api] [           main] o.s.j.datasource.SimpleDriverDataSource  : Creating new JDBC Driver Connection to [jdbc:h2:mem:c3b79b7d-e3f9-425b-a5f5-d700e326368f;DB_CLOSE_DELAY=-1;DB_CLOSE_ON_EXIT=false]
2024-12-18T10:31:12.237+09:00 DEBUG 14335 --- [coupon-api] [           main] j.LocalContainerEntityManagerFactoryBean : Building JPA container EntityManagerFactory for persistence unit 'default'
2024-12-18T10:31:12.264+09:00 DEBUG 14335 --- [coupon-api] [           main] o.hibernate.jpa.internal.util.LogHelper  : PersistenceUnitInfo [
	name: default
	persistence provider classname: null
	classloader: jdk.internal.loader.ClassLoaders$AppClassLoader@63c12fb0
	excludeUnlistedClasses: true
	JTA datasource: null
	Non JTA datasource: org.springframework.jdbc.datasource.embedded.EmbeddedDatabaseFactory$EmbeddedDataSourceProxy@5348d83c
	Transaction type: RESOURCE_LOCAL
	PU root URL: file:/Users/asdf/5rora-coupon-api/target/test-classes/
	Shared Cache Mode: UNSPECIFIED
	Validation Mode: AUTO
	Jar files URLs []
	Managed classes names [
		store.aurora.entity.BookPolicy
		store.aurora.entity.CategoryPolicy
		store.aurora.entity.CouponPolicy
		store.aurora.entity.DiscountRule
		store.aurora.entity.UserCoupon]
	Mapping files names []
	Properties []
2024-12-18T10:31:12.300+09:00 DEBUG 14335 --- [coupon-api] [           main] o.h.i.internal.IntegratorServiceImpl     : Adding Integrator [org.hibernate.boot.beanvalidation.BeanValidationIntegrator].
2024-12-18T10:31:12.304+09:00 DEBUG 14335 --- [coupon-api] [           main] o.h.i.internal.IntegratorServiceImpl     : Adding Integrator [org.hibernate.cache.internal.CollectionCacheInvalidator].
2024-12-18T10:31:12.364+09:00  INFO 14335 --- [coupon-api] [           main] org.hibernate.Version                    : HHH000412: Hibernate ORM core version 6.5.2.Final
2024-12-18T10:31:12.366+09:00 DEBUG 14335 --- [coupon-api] [           main] org.hibernate.cfg.Environment            : HHH000206: 'hibernate.properties' not found
2024-12-18T10:31:12.398+09:00 DEBUG 14335 --- [coupon-api] [           main] org.hibernate.orm.idgen.factory          : Registering IdentifierGenerator strategy [uuid2] -> [org.hibernate.id.UUIDGenerator]
2024-12-18T10:31:12.398+09:00 DEBUG 14335 --- [coupon-api] [           main] org.hibernate.orm.idgen.factory          : Registering IdentifierGenerator strategy [guid] -> [org.hibernate.id.GUIDGenerator]
2024-12-18T10:31:12.399+09:00 DEBUG 14335 --- [coupon-api] [           main] org.hibernate.orm.idgen.factory          : Registering IdentifierGenerator strategy [uuid] -> [org.hibernate.id.UUIDHexGenerator]
2024-12-18T10:31:12.399+09:00 DEBUG 14335 --- [coupon-api] [           main] org.hibernate.orm.idgen.factory          : Registering IdentifierGenerator strategy [uuid.hex] -> [org.hibernate.id.UUIDHexGenerator]
2024-12-18T10:31:12.399+09:00 DEBUG 14335 --- [coupon-api] [           main] org.hibernate.orm.idgen.factory          : Registering IdentifierGenerator strategy [assigned] -> [org.hibernate.id.Assigned]
2024-12-18T10:31:12.400+09:00 DEBUG 14335 --- [coupon-api] [           main] org.hibernate.orm.idgen.factory          : Registering IdentifierGenerator strategy [identity] -> [org.hibernate.id.IdentityGenerator]
2024-12-18T10:31:12.401+09:00 DEBUG 14335 --- [coupon-api] [           main] org.hibernate.orm.idgen.factory          : Registering IdentifierGenerator strategy [select] -> [org.hibernate.id.SelectGenerator]
2024-12-18T10:31:12.402+09:00 DEBUG 14335 --- [coupon-api] [           main] org.hibernate.orm.idgen.factory          : Registering IdentifierGenerator strategy [sequence] -> [org.hibernate.id.enhanced.SequenceStyleGenerator]
2024-12-18T10:31:12.403+09:00 DEBUG 14335 --- [coupon-api] [           main] org.hibernate.orm.idgen.factory          : Registering IdentifierGenerator strategy [increment] -> [org.hibernate.id.IncrementGenerator]
2024-12-18T10:31:12.403+09:00 DEBUG 14335 --- [coupon-api] [           main] org.hibernate.orm.idgen.factory          : Registering IdentifierGenerator strategy [foreign] -> [org.hibernate.id.ForeignGenerator]
2024-12-18T10:31:12.403+09:00 DEBUG 14335 --- [coupon-api] [           main] org.hibernate.orm.idgen.factory          : Registering IdentifierGenerator strategy [enhanced-sequence] -> [org.hibernate.id.enhanced.SequenceStyleGenerator]
2024-12-18T10:31:12.404+09:00 DEBUG 14335 --- [coupon-api] [           main] org.hibernate.orm.idgen.factory          : Registering IdentifierGenerator strategy [enhanced-table] -> [org.hibernate.id.enhanced.TableGenerator]
2024-12-18T10:31:12.410+09:00 DEBUG 14335 --- [coupon-api] [           main] o.h.c.internal.RegionFactoryInitiator    : Cannot default RegionFactory based on registered strategies as `[]` RegionFactory strategies were registered
2024-12-18T10:31:12.411+09:00  INFO 14335 --- [coupon-api] [           main] o.h.c.internal.RegionFactoryInitiator    : HHH000026: Second-level cache disabled
2024-12-18T10:31:12.492+09:00 DEBUG 14335 --- [coupon-api] [           main] org.hibernate.type.BasicTypeRegistry     : Adding type registration boolean -> org.hibernate.type.BasicTypeReference@37d3e140
2024-12-18T10:31:12.493+09:00 DEBUG 14335 --- [coupon-api] [           main] org.hibernate.type.BasicTypeRegistry     : Adding type registration boolean -> org.hibernate.type.BasicTypeReference@37d3e140
2024-12-18T10:31:12.493+09:00 DEBUG 14335 --- [coupon-api] [           main] org.hibernate.type.BasicTypeRegistry     : Adding type registration java.lang.Boolean -> org.hibernate.type.BasicTypeReference@37d3e140
2024-12-18T10:31:12.493+09:00 DEBUG 14335 --- [coupon-api] [           main] org.hibernate.type.BasicTypeRegistry     : Adding type registration numeric_boolean -> org.hibernate.type.BasicTypeReference@3e53c4ad
2024-12-18T10:31:12.493+09:00 DEBUG 14335 --- [coupon-api] [           main] org.hibernate.type.BasicTypeRegistry     : Adding type registration org.hibernate.type.NumericBooleanConverter -> org.hibernate.type.BasicTypeReference@3e53c4ad
2024-12-18T10:31:12.493+09:00 DEBUG 14335 --- [coupon-api] [           main] org.hibernate.type.BasicTypeRegistry     : Adding type registration true_false -> org.hibernate.type.BasicTypeReference@33eb0d4
2024-12-18T10:31:12.493+09:00 DEBUG 14335 --- [coupon-api] [           main] org.hibernate.type.BasicTypeRegistry     : Adding type registration org.hibernate.type.TrueFalseConverter -> org.hibernate.type.BasicTypeReference@33eb0d4
2024-12-18T10:31:12.493+09:00 DEBUG 14335 --- [coupon-api] [           main] org.hibernate.type.BasicTypeRegistry     : Adding type registration yes_no -> org.hibernate.type.BasicTypeReference@224d86d2
2024-12-18T10:31:12.494+09:00 DEBUG 14335 --- [coupon-api] [           main] org.hibernate.type.BasicTypeRegistry     : Adding type registration org.hibernate.type.YesNoConverter -> org.hibernate.type.BasicTypeReference@224d86d2
2024-12-18T10:31:12.494+09:00 DEBUG 14335 --- [coupon-api] [           main] org.hibernate.type.BasicTypeRegistry     : Adding type registration byte -> org.hibernate.type.BasicTypeReference@a3cba3a
2024-12-18T10:31:12.494+09:00 DEBUG 14335 --- [coupon-api] [           main] org.hibernate.type.BasicTypeRegistry     : Adding type registration byte -> org.hibernate.type.BasicTypeReference@a3cba3a
2024-12-18T10:31:12.494+09:00 DEBUG 14335 --- [coupon-api] [           main] org.hibernate.type.BasicTypeRegistry     : Adding type registration java.lang.Byte -> org.hibernate.type.BasicTypeReference@a3cba3a
2024-12-18T10:31:12.494+09:00 DEBUG 14335 --- [coupon-api] [           main] org.hibernate.type.BasicTypeRegistry     : Adding type registration binary -> org.hibernate.type.BasicTypeReference@2aea717c
2024-12-18T10:31:12.495+09:00 DEBUG 14335 --- [coupon-api] [           main] org.hibernate.type.BasicTypeRegistry     : Adding type registration byte[] -> org.hibernate.type.BasicTypeReference@2aea717c
2024-12-18T10:31:12.496+09:00 DEBUG 14335 --- [coupon-api] [           main] org.hibernate.type.BasicTypeRegistry     : Adding type registration [B -> org.hibernate.type.BasicTypeReference@2aea717c
2024-12-18T10:31:12.496+09:00 DEBUG 14335 --- [coupon-api] [           main] org.hibernate.type.BasicTypeRegistry     : Adding type registration binary_wrapper -> org.hibernate.type.BasicTypeReference@5ca4dce5
2024-12-18T10:31:12.497+09:00 DEBUG 14335 --- [coupon-api] [           main] org.hibernate.type.BasicTypeRegistry     : Adding type registration wrapper-binary -> org.hibernate.type.BasicTypeReference@5ca4dce5
2024-12-18T10:31:12.498+09:00 DEBUG 14335 --- [coupon-api] [           main] org.hibernate.type.BasicTypeRegistry     : Adding type registration image -> org.hibernate.type.BasicTypeReference@1291aab5
2024-12-18T10:31:12.498+09:00 DEBUG 14335 --- [coupon-api] [           main] org.hibernate.type.BasicTypeRegistry     : Adding type registration blob -> org.hibernate.type.BasicTypeReference@7d133fb7
2024-12-18T10:31:12.499+09:00 DEBUG 14335 --- [coupon-api] [           main] org.hibernate.type.BasicTypeRegistry     : Adding type registration java.sql.Blob -> org.hibernate.type.BasicTypeReference@7d133fb7
2024-12-18T10:31:12.499+09:00 DEBUG 14335 --- [coupon-api] [           main] org.hibernate.type.BasicTypeRegistry     : Adding type registration materialized_blob -> org.hibernate.type.BasicTypeReference@40bd0f8
2024-12-18T10:31:12.500+09:00 DEBUG 14335 --- [coupon-api] [           main] org.hibernate.type.BasicTypeRegistry     : Adding type registration materialized_blob_wrapper -> org.hibernate.type.BasicTypeReference@7eb27768
2024-12-18T10:31:12.500+09:00 DEBUG 14335 --- [coupon-api] [           main] org.hibernate.type.BasicTypeRegistry     : Adding type registration short -> org.hibernate.type.BasicTypeReference@6169be09
2024-12-18T10:31:12.500+09:00 DEBUG 14335 --- [coupon-api] [           main] org.hibernate.type.BasicTypeRegistry     : Adding type registration short -> org.hibernate.type.BasicTypeReference@6169be09
2024-12-18T10:31:12.500+09:00 DEBUG 14335 --- [coupon-api] [           main] org.hibernate.type.BasicTypeRegistry     : Adding type registration java.lang.Short -> org.hibernate.type.BasicTypeReference@6169be09
2024-12-18T10:31:12.500+09:00 DEBUG 14335 --- [coupon-api] [           main] org.hibernate.type.BasicTypeRegistry     : Adding type registration integer -> org.hibernate.type.BasicTypeReference@5e3db14
2024-12-18T10:31:12.500+09:00 DEBUG 14335 --- [coupon-api] [           main] org.hibernate.type.BasicTypeRegistry     : Adding type registration int -> org.hibernate.type.BasicTypeReference@5e3db14
2024-12-18T10:31:12.500+09:00 DEBUG 14335 --- [coupon-api] [           main] org.hibernate.type.BasicTypeRegistry     : Adding type registration java.lang.Integer -> org.hibernate.type.BasicTypeReference@5e3db14
2024-12-18T10:31:12.501+09:00 DEBUG 14335 --- [coupon-api] [           main] org.hibernate.type.BasicTypeRegistry     : Adding type registration long -> org.hibernate.type.BasicTypeReference@5fb54740
2024-12-18T10:31:12.501+09:00 DEBUG 14335 --- [coupon-api] [           main] org.hibernate.type.BasicTypeRegistry     : Adding type registration long -> org.hibernate.type.BasicTypeReference@5fb54740
2024-12-18T10:31:12.501+09:00 DEBUG 14335 --- [coupon-api] [           main] org.hibernate.type.BasicTypeRegistry     : Adding type registration java.lang.Long -> org.hibernate.type.BasicTypeReference@5fb54740
2024-12-18T10:31:12.501+09:00 DEBUG 14335 --- [coupon-api] [           main] org.hibernate.type.BasicTypeRegistry     : Adding type registration float -> org.hibernate.type.BasicTypeReference@325162e9
2024-12-18T10:31:12.501+09:00 DEBUG 14335 --- [coupon-api] [           main] org.hibernate.type.BasicTypeRegistry     : Adding type registration float -> org.hibernate.type.BasicTypeReference@325162e9
2024-12-18T10:31:12.502+09:00 DEBUG 14335 --- [coupon-api] [           main] org.hibernate.type.BasicTypeRegistry     : Adding type registration java.lang.Float -> org.hibernate.type.BasicTypeReference@325162e9
2024-12-18T10:31:12.502+09:00 DEBUG 14335 --- [coupon-api] [           main] org.hibernate.type.BasicTypeRegistry     : Adding type registration double -> org.hibernate.type.BasicTypeReference@1ee40b5c
2024-12-18T10:31:12.503+09:00 DEBUG 14335 --- [coupon-api] [           main] org.hibernate.type.BasicTypeRegistry     : Adding type registration double -> org.hibernate.type.BasicTypeReference@1ee40b5c
2024-12-18T10:31:12.503+09:00 DEBUG 14335 --- [coupon-api] [           main] org.hibernate.type.BasicTypeRegistry     : Adding type registration java.lang.Double -> org.hibernate.type.BasicTypeReference@1ee40b5c
2024-12-18T10:31:12.504+09:00 DEBUG 14335 --- [coupon-api] [           main] org.hibernate.type.BasicTypeRegistry     : Adding type registration big_integer -> org.hibernate.type.BasicTypeReference@5c448ef
2024-12-18T10:31:12.504+09:00 DEBUG 14335 --- [coupon-api] [           main] org.hibernate.type.BasicTypeRegistry     : Adding type registration java.math.BigInteger -> org.hibernate.type.BasicTypeReference@5c448ef
2024-12-18T10:31:12.504+09:00 DEBUG 14335 --- [coupon-api] [           main] org.hibernate.type.BasicTypeRegistry     : Adding type registration big_decimal -> org.hibernate.type.BasicTypeReference@703e8050
2024-12-18T10:31:12.504+09:00 DEBUG 14335 --- [coupon-api] [           main] org.hibernate.type.BasicTypeRegistry     : Adding type registration java.math.BigDecimal -> org.hibernate.type.BasicTypeReference@703e8050
2024-12-18T10:31:12.504+09:00 DEBUG 14335 --- [coupon-api] [           main] org.hibernate.type.BasicTypeRegistry     : Adding type registration character -> org.hibernate.type.BasicTypeReference@49c1e294
2024-12-18T10:31:12.504+09:00 DEBUG 14335 --- [coupon-api] [           main] org.hibernate.type.BasicTypeRegistry     : Adding type registration char -> org.hibernate.type.BasicTypeReference@49c1e294
2024-12-18T10:31:12.504+09:00 DEBUG 14335 --- [coupon-api] [           main] org.hibernate.type.BasicTypeRegistry     : Adding type registration java.lang.Character -> org.hibernate.type.BasicTypeReference@49c1e294
2024-12-18T10:31:12.504+09:00 DEBUG 14335 --- [coupon-api] [           main] org.hibernate.type.BasicTypeRegistry     : Adding type registration character_nchar -> org.hibernate.type.BasicTypeReference@7741ae1b
2024-12-18T10:31:12.505+09:00 DEBUG 14335 --- [coupon-api] [           main] org.hibernate.type.BasicTypeRegistry     : Adding type registration string -> org.hibernate.type.BasicTypeReference@50e5032c
2024-12-18T10:31:12.505+09:00 DEBUG 14335 --- [coupon-api] [           main] org.hibernate.type.BasicTypeRegistry     : Adding type registration java.lang.String -> org.hibernate.type.BasicTypeReference@50e5032c
2024-12-18T10:31:12.505+09:00 DEBUG 14335 --- [coupon-api] [           main] org.hibernate.type.BasicTypeRegistry     : Adding type registration nstring -> org.hibernate.type.BasicTypeReference@545d2560
2024-12-18T10:31:12.505+09:00 DEBUG 14335 --- [coupon-api] [           main] org.hibernate.type.BasicTypeRegistry     : Adding type registration characters -> org.hibernate.type.BasicTypeReference@124eb83d
2024-12-18T10:31:12.505+09:00 DEBUG 14335 --- [coupon-api] [           main] org.hibernate.type.BasicTypeRegistry     : Adding type registration char[] -> org.hibernate.type.BasicTypeReference@124eb83d
2024-12-18T10:31:12.505+09:00 DEBUG 14335 --- [coupon-api] [           main] org.hibernate.type.BasicTypeRegistry     : Adding type registration [C -> org.hibernate.type.BasicTypeReference@124eb83d
2024-12-18T10:31:12.505+09:00 DEBUG 14335 --- [coupon-api] [           main] org.hibernate.type.BasicTypeRegistry     : Adding type registration wrapper-characters -> org.hibernate.type.BasicTypeReference@6885ed19
2024-12-18T10:31:12.505+09:00 DEBUG 14335 --- [coupon-api] [           main] org.hibernate.type.BasicTypeRegistry     : Adding type registration text -> org.hibernate.type.BasicTypeReference@10817f46
2024-12-18T10:31:12.505+09:00 DEBUG 14335 --- [coupon-api] [           main] org.hibernate.type.BasicTypeRegistry     : Adding type registration ntext -> org.hibernate.type.BasicTypeReference@2d4a3e13
2024-12-18T10:31:12.506+09:00 DEBUG 14335 --- [coupon-api] [           main] org.hibernate.type.BasicTypeRegistry     : Adding type registration clob -> org.hibernate.type.BasicTypeReference@4a22e4d7
2024-12-18T10:31:12.506+09:00 DEBUG 14335 --- [coupon-api] [           main] org.hibernate.type.BasicTypeRegistry     : Adding type registration java.sql.Clob -> org.hibernate.type.BasicTypeReference@4a22e4d7
2024-12-18T10:31:12.506+09:00 DEBUG 14335 --- [coupon-api] [           main] org.hibernate.type.BasicTypeRegistry     : Adding type registration nclob -> org.hibernate.type.BasicTypeReference@d8835af
2024-12-18T10:31:12.506+09:00 DEBUG 14335 --- [coupon-api] [           main] org.hibernate.type.BasicTypeRegistry     : Adding type registration java.sql.NClob -> org.hibernate.type.BasicTypeReference@d8835af
2024-12-18T10:31:12.506+09:00 DEBUG 14335 --- [coupon-api] [           main] org.hibernate.type.BasicTypeRegistry     : Adding type registration materialized_clob -> org.hibernate.type.BasicTypeReference@16681017
2024-12-18T10:31:12.506+09:00 DEBUG 14335 --- [coupon-api] [           main] org.hibernate.type.BasicTypeRegistry     : Adding type registration materialized_clob_char_array -> org.hibernate.type.BasicTypeReference@6aae0e6f
2024-12-18T10:31:12.506+09:00 DEBUG 14335 --- [coupon-api] [           main] org.hibernate.type.BasicTypeRegistry     : Adding type registration materialized_clob_character_array -> org.hibernate.type.BasicTypeReference@37775bb1
2024-12-18T10:31:12.506+09:00 DEBUG 14335 --- [coupon-api] [           main] org.hibernate.type.BasicTypeRegistry     : Adding type registration materialized_nclob -> org.hibernate.type.BasicTypeReference@7b9e25bd
2024-12-18T10:31:12.506+09:00 DEBUG 14335 --- [coupon-api] [           main] org.hibernate.type.BasicTypeRegistry     : Adding type registration materialized_nclob_character_array -> org.hibernate.type.BasicTypeReference@2d206a71
2024-12-18T10:31:12.506+09:00 DEBUG 14335 --- [coupon-api] [           main] org.hibernate.type.BasicTypeRegistry     : Adding type registration materialized_nclob_char_array -> org.hibernate.type.BasicTypeReference@37e7c4cc
2024-12-18T10:31:12.507+09:00 DEBUG 14335 --- [coupon-api] [           main] org.hibernate.type.BasicTypeRegistry     : Adding type registration Duration -> org.hibernate.type.BasicTypeReference@3a40bb52
2024-12-18T10:31:12.507+09:00 DEBUG 14335 --- [coupon-api] [           main] org.hibernate.type.BasicTypeRegistry     : Adding type registration java.time.Duration -> org.hibernate.type.BasicTypeReference@3a40bb52
2024-12-18T10:31:12.507+09:00 DEBUG 14335 --- [coupon-api] [           main] org.hibernate.type.BasicTypeRegistry     : Adding type registration LocalDateTime -> org.hibernate.type.BasicTypeReference@3079c26a
2024-12-18T10:31:12.507+09:00 DEBUG 14335 --- [coupon-api] [           main] org.hibernate.type.BasicTypeRegistry     : Adding type registration java.time.LocalDateTime -> org.hibernate.type.BasicTypeReference@3079c26a
2024-12-18T10:31:12.507+09:00 DEBUG 14335 --- [coupon-api] [           main] org.hibernate.type.BasicTypeRegistry     : Adding type registration LocalDate -> org.hibernate.type.BasicTypeReference@1e2445f6
2024-12-18T10:31:12.507+09:00 DEBUG 14335 --- [coupon-api] [           main] org.hibernate.type.BasicTypeRegistry     : Adding type registration java.time.LocalDate -> org.hibernate.type.BasicTypeReference@1e2445f6
2024-12-18T10:31:12.507+09:00 DEBUG 14335 --- [coupon-api] [           main] org.hibernate.type.BasicTypeRegistry     : Adding type registration LocalTime -> org.hibernate.type.BasicTypeReference@17ec335a
2024-12-18T10:31:12.507+09:00 DEBUG 14335 --- [coupon-api] [           main] org.hibernate.type.BasicTypeRegistry     : Adding type registration java.time.LocalTime -> org.hibernate.type.BasicTypeReference@17ec335a
2024-12-18T10:31:12.507+09:00 DEBUG 14335 --- [coupon-api] [           main] org.hibernate.type.BasicTypeRegistry     : Adding type registration OffsetDateTime -> org.hibernate.type.BasicTypeReference@284990de
2024-12-18T10:31:12.507+09:00 DEBUG 14335 --- [coupon-api] [           main] org.hibernate.type.BasicTypeRegistry     : Adding type registration java.time.OffsetDateTime -> org.hibernate.type.BasicTypeReference@284990de
2024-12-18T10:31:12.507+09:00 DEBUG 14335 --- [coupon-api] [           main] org.hibernate.type.BasicTypeRegistry     : Adding type registration OffsetDateTimeWithTimezone -> org.hibernate.type.BasicTypeReference@565d7d2f
2024-12-18T10:31:12.508+09:00 DEBUG 14335 --- [coupon-api] [           main] org.hibernate.type.BasicTypeRegistry     : Adding type registration OffsetDateTimeWithoutTimezone -> org.hibernate.type.BasicTypeReference@6aea99e7
2024-12-18T10:31:12.509+09:00 DEBUG 14335 --- [coupon-api] [           main] org.hibernate.type.BasicTypeRegistry     : Adding type registration OffsetTime -> org.hibernate.type.BasicTypeReference@1c6a0103
2024-12-18T10:31:12.511+09:00 DEBUG 14335 --- [coupon-api] [           main] org.hibernate.type.BasicTypeRegistry     : Adding type registration java.time.OffsetTime -> org.hibernate.type.BasicTypeReference@1c6a0103
2024-12-18T10:31:12.512+09:00 DEBUG 14335 --- [coupon-api] [           main] org.hibernate.type.BasicTypeRegistry     : Adding type registration OffsetTimeUtc -> org.hibernate.type.BasicTypeReference@7841bd30
2024-12-18T10:31:12.512+09:00 DEBUG 14335 --- [coupon-api] [           main] org.hibernate.type.BasicTypeRegistry     : Adding type registration OffsetTimeWithTimezone -> org.hibernate.type.BasicTypeReference@45c80312
2024-12-18T10:31:12.512+09:00 DEBUG 14335 --- [coupon-api] [           main] org.hibernate.type.BasicTypeRegistry     : Adding type registration OffsetTimeWithoutTimezone -> org.hibernate.type.BasicTypeReference@7bd38fed
2024-12-18T10:31:12.512+09:00 DEBUG 14335 --- [coupon-api] [           main] org.hibernate.type.BasicTypeRegistry     : Adding type registration ZonedDateTime -> org.hibernate.type.BasicTypeReference@377dfb8d
2024-12-18T10:31:12.512+09:00 DEBUG 14335 --- [coupon-api] [           main] org.hibernate.type.BasicTypeRegistry     : Adding type registration java.time.ZonedDateTime -> org.hibernate.type.BasicTypeReference@377dfb8d
2024-12-18T10:31:12.512+09:00 DEBUG 14335 --- [coupon-api] [           main] org.hibernate.type.BasicTypeRegistry     : Adding type registration ZonedDateTimeWithTimezone -> org.hibernate.type.BasicTypeReference@42a0786f
2024-12-18T10:31:12.512+09:00 DEBUG 14335 --- [coupon-api] [           main] org.hibernate.type.BasicTypeRegistry     : Adding type registration ZonedDateTimeWithoutTimezone -> org.hibernate.type.BasicTypeReference@477523ba
2024-12-18T10:31:12.512+09:00 DEBUG 14335 --- [coupon-api] [           main] org.hibernate.type.BasicTypeRegistry     : Adding type registration date -> org.hibernate.type.BasicTypeReference@203e705e
2024-12-18T10:31:12.512+09:00 DEBUG 14335 --- [coupon-api] [           main] org.hibernate.type.BasicTypeRegistry     : Adding type registration java.sql.Date -> org.hibernate.type.BasicTypeReference@203e705e
2024-12-18T10:31:12.513+09:00 DEBUG 14335 --- [coupon-api] [           main] org.hibernate.type.BasicTypeRegistry     : Adding type registration time -> org.hibernate.type.BasicTypeReference@78c74647
2024-12-18T10:31:12.513+09:00 DEBUG 14335 --- [coupon-api] [           main] org.hibernate.type.BasicTypeRegistry     : Adding type registration java.sql.Time -> org.hibernate.type.BasicTypeReference@78c74647
2024-12-18T10:31:12.513+09:00 DEBUG 14335 --- [coupon-api] [           main] org.hibernate.type.BasicTypeRegistry     : Adding type registration timestamp -> org.hibernate.type.BasicTypeReference@39652a30
2024-12-18T10:31:12.514+09:00 DEBUG 14335 --- [coupon-api] [           main] org.hibernate.type.BasicTypeRegistry     : Adding type registration java.sql.Timestamp -> org.hibernate.type.BasicTypeReference@39652a30
2024-12-18T10:31:12.515+09:00 DEBUG 14335 --- [coupon-api] [           main] org.hibernate.type.BasicTypeRegistry     : Adding type registration java.util.Date -> org.hibernate.type.BasicTypeReference@39652a30
2024-12-18T10:31:12.515+09:00 DEBUG 14335 --- [coupon-api] [           main] org.hibernate.type.BasicTypeRegistry     : Adding type registration calendar -> org.hibernate.type.BasicTypeReference@5763a655
2024-12-18T10:31:12.515+09:00 DEBUG 14335 --- [coupon-api] [           main] org.hibernate.type.BasicTypeRegistry     : Adding type registration java.util.Calendar -> org.hibernate.type.BasicTypeReference@5763a655
2024-12-18T10:31:12.529+09:00 DEBUG 14335 --- [coupon-api] [           main] org.hibernate.type.BasicTypeRegistry     : Adding type registration java.util.GregorianCalendar -> org.hibernate.type.BasicTypeReference@5763a655
2024-12-18T10:31:12.529+09:00 DEBUG 14335 --- [coupon-api] [           main] org.hibernate.type.BasicTypeRegistry     : Adding type registration calendar_date -> org.hibernate.type.BasicTypeReference@46bb0bdf
2024-12-18T10:31:12.529+09:00 DEBUG 14335 --- [coupon-api] [           main] org.hibernate.type.BasicTypeRegistry     : Adding type registration calendar_time -> org.hibernate.type.BasicTypeReference@561f9d92
2024-12-18T10:31:12.529+09:00 DEBUG 14335 --- [coupon-api] [           main] org.hibernate.type.BasicTypeRegistry     : Adding type registration instant -> org.hibernate.type.BasicTypeReference@1c84d80a
2024-12-18T10:31:12.530+09:00 DEBUG 14335 --- [coupon-api] [           main] org.hibernate.type.BasicTypeRegistry     : Adding type registration java.time.Instant -> org.hibernate.type.BasicTypeReference@1c84d80a
2024-12-18T10:31:12.530+09:00 DEBUG 14335 --- [coupon-api] [           main] org.hibernate.type.BasicTypeRegistry     : Adding type registration uuid -> org.hibernate.type.BasicTypeReference@7ceb6c45
2024-12-18T10:31:12.530+09:00 DEBUG 14335 --- [coupon-api] [           main] org.hibernate.type.BasicTypeRegistry     : Adding type registration java.util.UUID -> org.hibernate.type.BasicTypeReference@7ceb6c45
2024-12-18T10:31:12.530+09:00 DEBUG 14335 --- [coupon-api] [           main] org.hibernate.type.BasicTypeRegistry     : Adding type registration pg-uuid -> org.hibernate.type.BasicTypeReference@7ceb6c45
2024-12-18T10:31:12.530+09:00 DEBUG 14335 --- [coupon-api] [           main] org.hibernate.type.BasicTypeRegistry     : Adding type registration uuid-binary -> org.hibernate.type.BasicTypeReference@629075f4
2024-12-18T10:31:12.530+09:00 DEBUG 14335 --- [coupon-api] [           main] org.hibernate.type.BasicTypeRegistry     : Adding type registration uuid-char -> org.hibernate.type.BasicTypeReference@48499739
2024-12-18T10:31:12.530+09:00 DEBUG 14335 --- [coupon-api] [           main] org.hibernate.type.BasicTypeRegistry     : Adding type registration class -> org.hibernate.type.BasicTypeReference@723742b2
2024-12-18T10:31:12.530+09:00 DEBUG 14335 --- [coupon-api] [           main] org.hibernate.type.BasicTypeRegistry     : Adding type registration java.lang.Class -> org.hibernate.type.BasicTypeReference@723742b2
2024-12-18T10:31:12.530+09:00 DEBUG 14335 --- [coupon-api] [           main] org.hibernate.type.BasicTypeRegistry     : Adding type registration currency -> org.hibernate.type.BasicTypeReference@559991f5
2024-12-18T10:31:12.530+09:00 DEBUG 14335 --- [coupon-api] [           main] org.hibernate.type.BasicTypeRegistry     : Adding type registration Currency -> org.hibernate.type.BasicTypeReference@559991f5
2024-12-18T10:31:12.530+09:00 DEBUG 14335 --- [coupon-api] [           main] org.hibernate.type.BasicTypeRegistry     : Adding type registration java.util.Currency -> org.hibernate.type.BasicTypeReference@559991f5
2024-12-18T10:31:12.530+09:00 DEBUG 14335 --- [coupon-api] [           main] org.hibernate.type.BasicTypeRegistry     : Adding type registration locale -> org.hibernate.type.BasicTypeReference@34c76167
2024-12-18T10:31:12.530+09:00 DEBUG 14335 --- [coupon-api] [           main] org.hibernate.type.BasicTypeRegistry     : Adding type registration java.util.Locale -> org.hibernate.type.BasicTypeReference@34c76167
2024-12-18T10:31:12.531+09:00 DEBUG 14335 --- [coupon-api] [           main] org.hibernate.type.BasicTypeRegistry     : Adding type registration serializable -> org.hibernate.type.BasicTypeReference@30b3d899
2024-12-18T10:31:12.533+09:00 DEBUG 14335 --- [coupon-api] [           main] org.hibernate.type.BasicTypeRegistry     : Adding type registration java.io.Serializable -> org.hibernate.type.BasicTypeReference@30b3d899
2024-12-18T10:31:12.534+09:00 DEBUG 14335 --- [coupon-api] [           main] org.hibernate.type.BasicTypeRegistry     : Adding type registration timezone -> org.hibernate.type.BasicTypeReference@78d92eef
2024-12-18T10:31:12.534+09:00 DEBUG 14335 --- [coupon-api] [           main] org.hibernate.type.BasicTypeRegistry     : Adding type registration java.util.TimeZone -> org.hibernate.type.BasicTypeReference@78d92eef
2024-12-18T10:31:12.534+09:00 DEBUG 14335 --- [coupon-api] [           main] org.hibernate.type.BasicTypeRegistry     : Adding type registration ZoneOffset -> org.hibernate.type.BasicTypeReference@61d60e38
2024-12-18T10:31:12.534+09:00 DEBUG 14335 --- [coupon-api] [           main] org.hibernate.type.BasicTypeRegistry     : Adding type registration java.time.ZoneOffset -> org.hibernate.type.BasicTypeReference@61d60e38
2024-12-18T10:31:12.534+09:00 DEBUG 14335 --- [coupon-api] [           main] org.hibernate.type.BasicTypeRegistry     : Adding type registration url -> org.hibernate.type.BasicTypeReference@6e95973c
2024-12-18T10:31:12.534+09:00 DEBUG 14335 --- [coupon-api] [           main] org.hibernate.type.BasicTypeRegistry     : Adding type registration java.net.URL -> org.hibernate.type.BasicTypeReference@6e95973c
2024-12-18T10:31:12.534+09:00 DEBUG 14335 --- [coupon-api] [           main] org.hibernate.type.BasicTypeRegistry     : Adding type registration vector -> org.hibernate.type.BasicTypeReference@404ced67
2024-12-18T10:31:12.534+09:00 DEBUG 14335 --- [coupon-api] [           main] org.hibernate.type.BasicTypeRegistry     : Adding type registration row_version -> org.hibernate.type.BasicTypeReference@71531dd7
2024-12-18T10:31:12.545+09:00 DEBUG 14335 --- [coupon-api] [           main] org.hibernate.type.BasicTypeRegistry     : Adding type registration object -> org.hibernate.type.JavaObjectType@5384ce66
2024-12-18T10:31:12.546+09:00 DEBUG 14335 --- [coupon-api] [           main] org.hibernate.type.BasicTypeRegistry     : Adding type registration java.lang.Object -> org.hibernate.type.JavaObjectType@5384ce66
2024-12-18T10:31:12.548+09:00 DEBUG 14335 --- [coupon-api] [           main] org.hibernate.type.BasicTypeRegistry     : Adding type registration null -> org.hibernate.type.NullType@256589a1
2024-12-18T10:31:12.548+09:00 DEBUG 14335 --- [coupon-api] [           main] org.hibernate.type.BasicTypeRegistry     : Adding type registration imm_date -> org.hibernate.type.BasicTypeReference@935493d
2024-12-18T10:31:12.548+09:00 DEBUG 14335 --- [coupon-api] [           main] org.hibernate.type.BasicTypeRegistry     : Adding type registration imm_time -> org.hibernate.type.BasicTypeReference@9b367c8
2024-12-18T10:31:12.548+09:00 DEBUG 14335 --- [coupon-api] [           main] org.hibernate.type.BasicTypeRegistry     : Adding type registration imm_timestamp -> org.hibernate.type.BasicTypeReference@34c62fdf
2024-12-18T10:31:12.548+09:00 DEBUG 14335 --- [coupon-api] [           main] org.hibernate.type.BasicTypeRegistry     : Adding type registration imm_calendar -> org.hibernate.type.BasicTypeReference@3de79067
2024-12-18T10:31:12.548+09:00 DEBUG 14335 --- [coupon-api] [           main] org.hibernate.type.BasicTypeRegistry     : Adding type registration imm_calendar_date -> org.hibernate.type.BasicTypeReference@1eb85a47
2024-12-18T10:31:12.549+09:00 DEBUG 14335 --- [coupon-api] [           main] org.hibernate.type.BasicTypeRegistry     : Adding type registration imm_calendar_time -> org.hibernate.type.BasicTypeReference@ca7e37f
2024-12-18T10:31:12.549+09:00 DEBUG 14335 --- [coupon-api] [           main] org.hibernate.type.BasicTypeRegistry     : Adding type registration imm_binary -> org.hibernate.type.BasicTypeReference@99a8de3
2024-12-18T10:31:12.549+09:00 DEBUG 14335 --- [coupon-api] [           main] org.hibernate.type.BasicTypeRegistry     : Adding type registration imm_serializable -> org.hibernate.type.BasicTypeReference@87f501f
2024-12-18T10:31:12.555+09:00 DEBUG 14335 --- [coupon-api] [           main] o.h.boot.internal.BootstrapContextImpl   : Injecting JPA temp ClassLoader [org.springframework.instrument.classloading.SimpleThrowawayClassLoader@33e3bd2e] into BootstrapContext; was [null]
2024-12-18T10:31:12.556+09:00 DEBUG 14335 --- [coupon-api] [           main] o.h.boot.internal.ClassLoaderAccessImpl  : ClassLoaderAccessImpl#injectTempClassLoader(org.springframework.instrument.classloading.SimpleThrowawayClassLoader@33e3bd2e) [was null]
2024-12-18T10:31:12.557+09:00 DEBUG 14335 --- [coupon-api] [           main] o.h.boot.internal.BootstrapContextImpl   : Injecting ScanEnvironment [org.hibernate.jpa.boot.internal.StandardJpaScanEnvironmentImpl@2f09e6b2] into BootstrapContext; was [null]
2024-12-18T10:31:12.557+09:00 DEBUG 14335 --- [coupon-api] [           main] o.h.boot.internal.BootstrapContextImpl   : Injecting ScanOptions [org.hibernate.boot.archive.scan.internal.StandardScanOptions@1bee0085] into BootstrapContext; was [org.hibernate.boot.archive.scan.internal.StandardScanOptions@16e1219f]
2024-12-18T10:31:12.893+09:00  INFO 14335 --- [coupon-api] [           main] o.s.o.j.p.SpringPersistenceUnitInfo      : No LoadTimeWeaver setup: ignoring JPA class transformer
2024-12-18T10:31:12.897+09:00 DEBUG 14335 --- [coupon-api] [           main] o.h.boot.internal.BootstrapContextImpl   : Injecting JPA temp ClassLoader [null] into BootstrapContext; was [org.springframework.instrument.classloading.SimpleThrowawayClassLoader@33e3bd2e]
2024-12-18T10:31:12.897+09:00 DEBUG 14335 --- [coupon-api] [           main] o.h.boot.internal.ClassLoaderAccessImpl  : ClassLoaderAccessImpl#injectTempClassLoader(null) [was org.springframework.instrument.classloading.SimpleThrowawayClassLoader@33e3bd2e]
2024-12-18T10:31:12.926+09:00 DEBUG 14335 --- [coupon-api] [           main] o.s.j.datasource.SimpleDriverDataSource  : Creating new JDBC Driver Connection to [jdbc:h2:mem:c3b79b7d-e3f9-425b-a5f5-d700e326368f;DB_CLOSE_DELAY=-1;DB_CLOSE_ON_EXIT=false]
2024-12-18T10:31:12.929+09:00 DEBUG 14335 --- [coupon-api] [           main] o.h.e.j.e.i.JdbcEnvironmentInitiator     : Database ->
	   name : H2
	version : 2.2.224 (2023-09-17)
	  major : 2
	  minor : 2
2024-12-18T10:31:12.929+09:00 DEBUG 14335 --- [coupon-api] [           main] o.h.e.j.e.i.JdbcEnvironmentInitiator     : Driver ->
	   name : H2 JDBC Driver
	version : 2.2.224 (2023-09-17)
	  major : 2
	  minor : 2
2024-12-18T10:31:12.929+09:00 DEBUG 14335 --- [coupon-api] [           main] o.h.e.j.e.i.JdbcEnvironmentInitiator     : JDBC version : 4.2
2024-12-18T10:31:12.968+09:00 DEBUG 14335 --- [coupon-api] [           main] org.hibernate.orm.dialect                : HHH035001: Using dialect: org.hibernate.dialect.H2Dialect, version: 2.2.224
2024-12-18T10:31:12.975+09:00 DEBUG 14335 --- [coupon-api] [           main] o.h.e.j.env.spi.IdentifierHelperBuilder  : JDBC driver metadata reported database stores quoted identifiers in neither upper, lower nor mixed case
2024-12-18T10:31:13.003+09:00 DEBUG 14335 --- [coupon-api] [           main] o.h.t.d.jdbc.spi.JdbcTypeRegistry        : addDescriptor(NCharTypeDescriptor) replaced previous registration(CharTypeDescriptor)
2024-12-18T10:31:13.005+09:00 DEBUG 14335 --- [coupon-api] [           main] o.h.t.d.jdbc.spi.JdbcTypeRegistry        : addDescriptor(NVarcharTypeDescriptor) replaced previous registration(VarcharTypeDescriptor)
2024-12-18T10:31:13.006+09:00 DEBUG 14335 --- [coupon-api] [           main] o.h.t.d.jdbc.spi.JdbcTypeRegistry        : addDescriptor(LongNVarcharTypeDescriptor) replaced previous registration(LongVarcharTypeDescriptor)
2024-12-18T10:31:13.009+09:00 DEBUG 14335 --- [coupon-api] [           main] o.h.t.d.jdbc.spi.JdbcTypeRegistry        : addDescriptor(NClobTypeDescriptor(DEFAULT)) replaced previous registration(ClobTypeDescriptor(DEFAULT))
2024-12-18T10:31:13.020+09:00 DEBUG 14335 --- [coupon-api] [           main] o.h.t.d.jdbc.spi.JdbcTypeRegistry        : addDescriptor(2005, ClobTypeDescriptor(STREAM_BINDING)) replaced previous registration(ClobTypeDescriptor(DEFAULT))
2024-12-18T10:31:13.041+09:00 DEBUG 14335 --- [coupon-api] [           main] o.h.t.d.jdbc.spi.JdbcTypeRegistry        : addDescriptor(TimestampUtcDescriptor) replaced previous registration(TimestampUtcDescriptor)
2024-12-18T10:31:13.048+09:00 DEBUG 14335 --- [coupon-api] [           main] org.hibernate.type.BasicTypeRegistry     : Adding type registration org.hibernate.type.DurationType -> basicType@1(java.time.Duration,3015)
2024-12-18T10:31:13.048+09:00 DEBUG 14335 --- [coupon-api] [           main] org.hibernate.type.BasicTypeRegistry     : Adding type registration Duration -> basicType@1(java.time.Duration,3015)
2024-12-18T10:31:13.048+09:00 DEBUG 14335 --- [coupon-api] [           main] org.hibernate.type.BasicTypeRegistry     : Adding type registration java.time.Duration -> basicType@1(java.time.Duration,3015)
2024-12-18T10:31:13.054+09:00 DEBUG 14335 --- [coupon-api] [           main] o.h.type.spi.TypeConfiguration$Scope     : Scoping TypeConfiguration [org.hibernate.type.spi.TypeConfiguration@1846ad0f] to MetadataBuildingContext [org.hibernate.boot.internal.MetadataBuildingContextRootImpl@5597ca3]
2024-12-18T10:31:13.099+09:00 DEBUG 14335 --- [coupon-api] [           main] o.h.boot.model.relational.Namespace      : Created database namespace [logicalName=Name{catalog=null, schema=null}, physicalName=Name{catalog=null, schema=null}]
2024-12-18T10:31:13.129+09:00 DEBUG 14335 --- [coupon-api] [           main] o.h.boot.model.internal.EntityBinder     : Binding entity from annotated class: store.aurora.entity.BookPolicy
2024-12-18T10:31:13.135+09:00 DEBUG 14335 --- [coupon-api] [           main] o.h.boot.model.internal.EntityBinder     : Import with entity name BookPolicy
2024-12-18T10:31:13.142+09:00 DEBUG 14335 --- [coupon-api] [           main] o.h.boot.model.internal.EntityBinder     : Bind entity store.aurora.entity.BookPolicy on table book_policy
2024-12-18T10:31:13.152+09:00 DEBUG 14335 --- [coupon-api] [           main] o.h.boot.model.internal.AnnotatedColumn  : Binding column: AnnotatedDiscriminatorColumn(column='DTYPE')
2024-12-18T10:31:13.172+09:00 DEBUG 14335 --- [coupon-api] [           main] o.h.boot.model.internal.AnnotatedColumn  : Binding column: AnnotatedColumn(column='book_coupon')
2024-12-18T10:31:13.174+09:00 DEBUG 14335 --- [coupon-api] [           main] o.h.boot.internal.ClassLoaderAccessImpl  : Not known whether passed class name [store.aurora.entity.BookPolicy] is safe
2024-12-18T10:31:13.174+09:00 DEBUG 14335 --- [coupon-api] [           main] o.h.boot.internal.ClassLoaderAccessImpl  : No temp ClassLoader provided; using live ClassLoader for loading potentially unsafe class : store.aurora.entity.BookPolicy
2024-12-18T10:31:13.184+09:00 DEBUG 14335 --- [coupon-api] [           main] o.h.boot.model.internal.PropertyBinder   : MetadataSourceProcessor property id with lazy=false
2024-12-18T10:31:13.188+09:00 DEBUG 14335 --- [coupon-api] [           main] o.h.b.m.internal.AbstractPropertyHolder  : Attempting to locate auto-apply AttributeConverter for property [store.aurora.entity.BookPolicy:id]
2024-12-18T10:31:13.193+09:00 DEBUG 14335 --- [coupon-api] [           main] o.h.b.model.internal.BasicValueBinder    : building BasicValue for id
2024-12-18T10:31:13.197+09:00 DEBUG 14335 --- [coupon-api] [           main] org.hibernate.mapping.BasicValue         : Skipping column re-registration: book_policy.book_coupon
2024-12-18T10:31:13.198+09:00 DEBUG 14335 --- [coupon-api] [           main] o.h.boot.model.internal.PropertyBinder   : Building property id
2024-12-18T10:31:13.204+09:00 DEBUG 14335 --- [coupon-api] [           main] o.h.boot.model.internal.BinderHelper     : #makeIdGenerator(BasicValue([Column(book_coupon)]), id, identity, , ...)
2024-12-18T10:31:13.205+09:00 DEBUG 14335 --- [coupon-api] [           main] o.h.boot.model.internal.AnnotatedColumn  : Binding column: AnnotatedColumn(column='book_id')
2024-12-18T10:31:13.206+09:00 DEBUG 14335 --- [coupon-api] [           main] o.h.boot.model.internal.PropertyBinder   : MetadataSourceProcessor property bookId with lazy=false
2024-12-18T10:31:13.206+09:00 DEBUG 14335 --- [coupon-api] [           main] o.h.b.m.internal.AbstractPropertyHolder  : Attempting to locate auto-apply AttributeConverter for property [store.aurora.entity.BookPolicy:bookId]
2024-12-18T10:31:13.206+09:00 DEBUG 14335 --- [coupon-api] [           main] o.h.b.model.internal.BasicValueBinder    : building BasicValue for bookId
2024-12-18T10:31:13.206+09:00 DEBUG 14335 --- [coupon-api] [           main] org.hibernate.mapping.BasicValue         : Skipping column re-registration: book_policy.book_id
2024-12-18T10:31:13.206+09:00 DEBUG 14335 --- [coupon-api] [           main] o.h.boot.model.internal.PropertyBinder   : Building property bookId
2024-12-18T10:31:13.209+09:00 DEBUG 14335 --- [coupon-api] [           main] o.h.boot.model.internal.AnnotatedColumn  : Binding column: AnnotatedJoinColumn(column='policy_id')
2024-12-18T10:31:13.210+09:00 DEBUG 14335 --- [coupon-api] [           main] o.h.boot.model.internal.AnnotatedColumn  : Binding column: AnnotatedColumn()
2024-12-18T10:31:13.216+09:00 DEBUG 14335 --- [coupon-api] [           main] o.h.boot.model.internal.PropertyBinder   : Building property policy
2024-12-18T10:31:13.219+09:00 DEBUG 14335 --- [coupon-api] [           main] o.h.b.r.c.i.ClassLoaderServiceImpl       : HHH000194: Package not found or no package-info.java: store.aurora.entity
2024-12-18T10:31:13.232+09:00 DEBUG 14335 --- [coupon-api] [           main] o.h.boot.model.internal.EntityBinder     : Binding entity from annotated class: store.aurora.entity.CategoryPolicy
2024-12-18T10:31:13.233+09:00 DEBUG 14335 --- [coupon-api] [           main] o.h.boot.model.internal.EntityBinder     : Import with entity name CategoryPolicy
2024-12-18T10:31:13.233+09:00 DEBUG 14335 --- [coupon-api] [           main] o.h.boot.model.internal.EntityBinder     : Bind entity store.aurora.entity.CategoryPolicy on table category_policy
2024-12-18T10:31:13.234+09:00 DEBUG 14335 --- [coupon-api] [           main] o.h.boot.model.internal.AnnotatedColumn  : Binding column: AnnotatedDiscriminatorColumn(column='DTYPE')
2024-12-18T10:31:13.235+09:00 DEBUG 14335 --- [coupon-api] [           main] o.h.boot.model.internal.AnnotatedColumn  : Binding column: AnnotatedColumn(column='category_coupon')
2024-12-18T10:31:13.236+09:00 DEBUG 14335 --- [coupon-api] [           main] o.h.boot.internal.ClassLoaderAccessImpl  : Not known whether passed class name [store.aurora.entity.CategoryPolicy] is safe
2024-12-18T10:31:13.236+09:00 DEBUG 14335 --- [coupon-api] [           main] o.h.boot.internal.ClassLoaderAccessImpl  : No temp ClassLoader provided; using live ClassLoader for loading potentially unsafe class : store.aurora.entity.CategoryPolicy
2024-12-18T10:31:13.236+09:00 DEBUG 14335 --- [coupon-api] [           main] o.h.boot.model.internal.PropertyBinder   : MetadataSourceProcessor property id with lazy=false
2024-12-18T10:31:13.236+09:00 DEBUG 14335 --- [coupon-api] [           main] o.h.b.m.internal.AbstractPropertyHolder  : Attempting to locate auto-apply AttributeConverter for property [store.aurora.entity.CategoryPolicy:id]
2024-12-18T10:31:13.236+09:00 DEBUG 14335 --- [coupon-api] [           main] o.h.b.model.internal.BasicValueBinder    : building BasicValue for id
2024-12-18T10:31:13.236+09:00 DEBUG 14335 --- [coupon-api] [           main] org.hibernate.mapping.BasicValue         : Skipping column re-registration: category_policy.category_coupon
2024-12-18T10:31:13.236+09:00 DEBUG 14335 --- [coupon-api] [           main] o.h.boot.model.internal.PropertyBinder   : Building property id
2024-12-18T10:31:13.237+09:00 DEBUG 14335 --- [coupon-api] [           main] o.h.boot.model.internal.BinderHelper     : #makeIdGenerator(BasicValue([Column(category_coupon)]), id, identity, , ...)
2024-12-18T10:31:13.238+09:00 DEBUG 14335 --- [coupon-api] [           main] o.h.boot.model.internal.AnnotatedColumn  : Binding column: AnnotatedColumn(column='category_id')
2024-12-18T10:31:13.238+09:00 DEBUG 14335 --- [coupon-api] [           main] o.h.boot.model.internal.PropertyBinder   : MetadataSourceProcessor property categoryId with lazy=false
2024-12-18T10:31:13.238+09:00 DEBUG 14335 --- [coupon-api] [           main] o.h.b.m.internal.AbstractPropertyHolder  : Attempting to locate auto-apply AttributeConverter for property [store.aurora.entity.CategoryPolicy:categoryId]
2024-12-18T10:31:13.238+09:00 DEBUG 14335 --- [coupon-api] [           main] o.h.b.model.internal.BasicValueBinder    : building BasicValue for categoryId
2024-12-18T10:31:13.238+09:00 DEBUG 14335 --- [coupon-api] [           main] org.hibernate.mapping.BasicValue         : Skipping column re-registration: category_policy.category_id
2024-12-18T10:31:13.238+09:00 DEBUG 14335 --- [coupon-api] [           main] o.h.boot.model.internal.PropertyBinder   : Building property categoryId
2024-12-18T10:31:13.238+09:00 DEBUG 14335 --- [coupon-api] [           main] o.h.boot.model.internal.AnnotatedColumn  : Binding column: AnnotatedJoinColumn(column='policy_id')
2024-12-18T10:31:13.239+09:00 DEBUG 14335 --- [coupon-api] [           main] o.h.boot.model.internal.AnnotatedColumn  : Binding column: AnnotatedColumn()
2024-12-18T10:31:13.240+09:00 DEBUG 14335 --- [coupon-api] [           main] o.h.boot.model.internal.PropertyBinder   : Building property policy
2024-12-18T10:31:13.241+09:00 DEBUG 14335 --- [coupon-api] [           main] o.h.b.r.c.i.ClassLoaderServiceImpl       : HHH000194: Package not found or no package-info.java: store.aurora.entity
2024-12-18T10:31:13.242+09:00 DEBUG 14335 --- [coupon-api] [           main] o.h.boot.model.internal.EntityBinder     : Binding entity from annotated class: store.aurora.entity.CouponPolicy
2024-12-18T10:31:13.243+09:00 DEBUG 14335 --- [coupon-api] [           main] o.h.boot.model.internal.EntityBinder     : Import with entity name CouponPolicy
2024-12-18T10:31:13.243+09:00 DEBUG 14335 --- [coupon-api] [           main] o.h.boot.model.internal.EntityBinder     : Bind entity store.aurora.entity.CouponPolicy on table coupon_policy
2024-12-18T10:31:13.245+09:00 DEBUG 14335 --- [coupon-api] [           main] o.h.boot.model.internal.AnnotatedColumn  : Binding column: AnnotatedDiscriminatorColumn(column='DTYPE')
2024-12-18T10:31:13.249+09:00 DEBUG 14335 --- [coupon-api] [           main] o.h.boot.model.internal.AnnotatedColumn  : Binding column: AnnotatedColumn(column='policy_id')
2024-12-18T10:31:13.250+09:00 DEBUG 14335 --- [coupon-api] [           main] o.h.boot.internal.ClassLoaderAccessImpl  : Not known whether passed class name [store.aurora.entity.CouponPolicy] is safe
2024-12-18T10:31:13.250+09:00 DEBUG 14335 --- [coupon-api] [           main] o.h.boot.internal.ClassLoaderAccessImpl  : No temp ClassLoader provided; using live ClassLoader for loading potentially unsafe class : store.aurora.entity.CouponPolicy
2024-12-18T10:31:13.250+09:00 DEBUG 14335 --- [coupon-api] [           main] o.h.boot.model.internal.PropertyBinder   : MetadataSourceProcessor property id with lazy=false
2024-12-18T10:31:13.250+09:00 DEBUG 14335 --- [coupon-api] [           main] o.h.b.m.internal.AbstractPropertyHolder  : Attempting to locate auto-apply AttributeConverter for property [store.aurora.entity.CouponPolicy:id]
2024-12-18T10:31:13.250+09:00 DEBUG 14335 --- [coupon-api] [           main] o.h.b.model.internal.BasicValueBinder    : building BasicValue for id
2024-12-18T10:31:13.250+09:00 DEBUG 14335 --- [coupon-api] [           main] org.hibernate.mapping.BasicValue         : Skipping column re-registration: coupon_policy.policy_id
2024-12-18T10:31:13.250+09:00 DEBUG 14335 --- [coupon-api] [           main] o.h.boot.model.internal.PropertyBinder   : Building property id
2024-12-18T10:31:13.251+09:00 DEBUG 14335 --- [coupon-api] [           main] o.h.boot.model.internal.BinderHelper     : #makeIdGenerator(BasicValue([Column(policy_id)]), id, identity, , ...)
2024-12-18T10:31:13.252+09:00 DEBUG 14335 --- [coupon-api] [           main] o.h.boot.model.internal.AnnotatedColumn  : Binding column: AnnotatedJoinColumn(column='discount_id')
2024-12-18T10:31:13.252+09:00 DEBUG 14335 --- [coupon-api] [           main] o.h.boot.model.internal.AnnotatedColumn  : Binding column: AnnotatedColumn()
2024-12-18T10:31:13.252+09:00 DEBUG 14335 --- [coupon-api] [           main] o.h.boot.model.internal.PropertyBinder   : Building property discountRule
2024-12-18T10:31:13.252+09:00 DEBUG 14335 --- [coupon-api] [           main] o.h.boot.model.internal.AnnotatedColumn  : Binding column: AnnotatedColumn(column='policy_name')
2024-12-18T10:31:13.253+09:00 DEBUG 14335 --- [coupon-api] [           main] o.h.boot.model.internal.PropertyBinder   : MetadataSourceProcessor property name with lazy=false
2024-12-18T10:31:13.253+09:00 DEBUG 14335 --- [coupon-api] [           main] o.h.b.m.internal.AbstractPropertyHolder  : Attempting to locate auto-apply AttributeConverter for property [store.aurora.entity.CouponPolicy:name]
2024-12-18T10:31:13.254+09:00 DEBUG 14335 --- [coupon-api] [           main] o.h.b.model.internal.BasicValueBinder    : building BasicValue for name
2024-12-18T10:31:13.255+09:00 DEBUG 14335 --- [coupon-api] [           main] org.hibernate.mapping.BasicValue         : Skipping column re-registration: coupon_policy.policy_name
2024-12-18T10:31:13.255+09:00 DEBUG 14335 --- [coupon-api] [           main] o.h.boot.model.internal.PropertyBinder   : Building property name
2024-12-18T10:31:13.256+09:00 DEBUG 14335 --- [coupon-api] [           main] o.h.boot.model.internal.AnnotatedColumn  : Binding column: AnnotatedColumn(column='sale_type')
2024-12-18T10:31:13.257+09:00 DEBUG 14335 --- [coupon-api] [           main] o.h.boot.model.internal.PropertyBinder   : MetadataSourceProcessor property saleType with lazy=false
2024-12-18T10:31:13.257+09:00 DEBUG 14335 --- [coupon-api] [           main] o.h.b.m.internal.AbstractPropertyHolder  : Attempting to locate auto-apply AttributeConverter for property [store.aurora.entity.CouponPolicy:saleType]
2024-12-18T10:31:13.257+09:00 DEBUG 14335 --- [coupon-api] [           main] o.h.b.model.internal.BasicValueBinder    : building BasicValue for saleType
2024-12-18T10:31:13.257+09:00 DEBUG 14335 --- [coupon-api] [           main] org.hibernate.mapping.BasicValue         : Skipping column re-registration: coupon_policy.sale_type
2024-12-18T10:31:13.257+09:00 DEBUG 14335 --- [coupon-api] [           main] o.h.boot.model.internal.PropertyBinder   : Building property saleType
2024-12-18T10:31:13.258+09:00 DEBUG 14335 --- [coupon-api] [           main] o.h.b.r.c.i.ClassLoaderServiceImpl       : HHH000194: Package not found or no package-info.java: store.aurora.entity
2024-12-18T10:31:13.259+09:00 DEBUG 14335 --- [coupon-api] [           main] o.h.boot.model.internal.EntityBinder     : Binding entity from annotated class: store.aurora.entity.DiscountRule
2024-12-18T10:31:13.259+09:00 DEBUG 14335 --- [coupon-api] [           main] o.h.boot.model.internal.EntityBinder     : Import with entity name DiscountRule
2024-12-18T10:31:13.259+09:00 DEBUG 14335 --- [coupon-api] [           main] o.h.boot.model.internal.EntityBinder     : Bind entity store.aurora.entity.DiscountRule on table discount_rule
2024-12-18T10:31:13.259+09:00 DEBUG 14335 --- [coupon-api] [           main] o.h.boot.model.internal.AnnotatedColumn  : Binding column: AnnotatedDiscriminatorColumn(column='DTYPE')
2024-12-18T10:31:13.263+09:00 DEBUG 14335 --- [coupon-api] [           main] o.h.boot.model.internal.AnnotatedColumn  : Binding column: AnnotatedColumn(column='discount_id')
2024-12-18T10:31:13.265+09:00 DEBUG 14335 --- [coupon-api] [           main] o.h.boot.internal.ClassLoaderAccessImpl  : Not known whether passed class name [store.aurora.entity.DiscountRule] is safe
2024-12-18T10:31:13.265+09:00 DEBUG 14335 --- [coupon-api] [           main] o.h.boot.internal.ClassLoaderAccessImpl  : No temp ClassLoader provided; using live ClassLoader for loading potentially unsafe class : store.aurora.entity.DiscountRule
2024-12-18T10:31:13.265+09:00 DEBUG 14335 --- [coupon-api] [           main] o.h.boot.model.internal.PropertyBinder   : MetadataSourceProcessor property id with lazy=false
2024-12-18T10:31:13.265+09:00 DEBUG 14335 --- [coupon-api] [           main] o.h.b.m.internal.AbstractPropertyHolder  : Attempting to locate auto-apply AttributeConverter for property [store.aurora.entity.DiscountRule:id]
2024-12-18T10:31:13.266+09:00 DEBUG 14335 --- [coupon-api] [           main] o.h.b.model.internal.BasicValueBinder    : building BasicValue for id
2024-12-18T10:31:13.266+09:00 DEBUG 14335 --- [coupon-api] [           main] org.hibernate.mapping.BasicValue         : Skipping column re-registration: discount_rule.discount_id
2024-12-18T10:31:13.266+09:00 DEBUG 14335 --- [coupon-api] [           main] o.h.boot.model.internal.PropertyBinder   : Building property id
2024-12-18T10:31:13.266+09:00 DEBUG 14335 --- [coupon-api] [           main] o.h.boot.model.internal.BinderHelper     : #makeIdGenerator(BasicValue([Column(discount_id)]), id, identity, , ...)
2024-12-18T10:31:13.266+09:00 DEBUG 14335 --- [coupon-api] [           main] o.h.boot.model.internal.AnnotatedColumn  : Binding column: AnnotatedColumn(column='max_sale')
2024-12-18T10:31:13.266+09:00 DEBUG 14335 --- [coupon-api] [           main] o.h.boot.model.internal.PropertyBinder   : MetadataSourceProcessor property maxSale with lazy=false
2024-12-18T10:31:13.266+09:00 DEBUG 14335 --- [coupon-api] [           main] o.h.b.m.internal.AbstractPropertyHolder  : Attempting to locate auto-apply AttributeConverter for property [store.aurora.entity.DiscountRule:maxSale]
2024-12-18T10:31:13.266+09:00 DEBUG 14335 --- [coupon-api] [           main] o.h.b.model.internal.BasicValueBinder    : building BasicValue for maxSale
2024-12-18T10:31:13.266+09:00 DEBUG 14335 --- [coupon-api] [           main] org.hibernate.mapping.BasicValue         : Skipping column re-registration: discount_rule.max_sale
2024-12-18T10:31:13.266+09:00 DEBUG 14335 --- [coupon-api] [           main] o.h.boot.model.internal.PropertyBinder   : Building property maxSale
2024-12-18T10:31:13.267+09:00 DEBUG 14335 --- [coupon-api] [           main] o.h.boot.model.internal.AnnotatedColumn  : Binding column: AnnotatedColumn(column='need_cost')
2024-12-18T10:31:13.267+09:00 DEBUG 14335 --- [coupon-api] [           main] o.h.boot.model.internal.PropertyBinder   : MetadataSourceProcessor property needCost with lazy=false
2024-12-18T10:31:13.268+09:00 DEBUG 14335 --- [coupon-api] [           main] o.h.b.m.internal.AbstractPropertyHolder  : Attempting to locate auto-apply AttributeConverter for property [store.aurora.entity.DiscountRule:needCost]
2024-12-18T10:31:13.268+09:00 DEBUG 14335 --- [coupon-api] [           main] o.h.b.model.internal.BasicValueBinder    : building BasicValue for needCost
2024-12-18T10:31:13.268+09:00 DEBUG 14335 --- [coupon-api] [           main] org.hibernate.mapping.BasicValue         : Skipping column re-registration: discount_rule.need_cost
2024-12-18T10:31:13.268+09:00 DEBUG 14335 --- [coupon-api] [           main] o.h.boot.model.internal.PropertyBinder   : Building property needCost
2024-12-18T10:31:13.268+09:00 DEBUG 14335 --- [coupon-api] [           main] o.h.boot.model.internal.AnnotatedColumn  : Binding column: AnnotatedColumn(column='sale_amount')
2024-12-18T10:31:13.268+09:00 DEBUG 14335 --- [coupon-api] [           main] o.h.boot.model.internal.PropertyBinder   : MetadataSourceProcessor property saleAmount with lazy=false
2024-12-18T10:31:13.268+09:00 DEBUG 14335 --- [coupon-api] [           main] o.h.b.m.internal.AbstractPropertyHolder  : Attempting to locate auto-apply AttributeConverter for property [store.aurora.entity.DiscountRule:saleAmount]
2024-12-18T10:31:13.269+09:00 DEBUG 14335 --- [coupon-api] [           main] o.h.b.model.internal.BasicValueBinder    : building BasicValue for saleAmount
2024-12-18T10:31:13.269+09:00 DEBUG 14335 --- [coupon-api] [           main] org.hibernate.mapping.BasicValue         : Skipping column re-registration: discount_rule.sale_amount
2024-12-18T10:31:13.269+09:00 DEBUG 14335 --- [coupon-api] [           main] o.h.boot.model.internal.PropertyBinder   : Building property saleAmount
2024-12-18T10:31:13.269+09:00 DEBUG 14335 --- [coupon-api] [           main] o.h.boot.model.internal.AnnotatedColumn  : Binding column: AnnotatedColumn(column='sale_percent')
2024-12-18T10:31:13.269+09:00 DEBUG 14335 --- [coupon-api] [           main] o.h.boot.model.internal.PropertyBinder   : MetadataSourceProcessor property salePercent with lazy=false
2024-12-18T10:31:13.269+09:00 DEBUG 14335 --- [coupon-api] [           main] o.h.b.m.internal.AbstractPropertyHolder  : Attempting to locate auto-apply AttributeConverter for property [store.aurora.entity.DiscountRule:salePercent]
2024-12-18T10:31:13.269+09:00 DEBUG 14335 --- [coupon-api] [           main] o.h.b.model.internal.BasicValueBinder    : building BasicValue for salePercent
2024-12-18T10:31:13.269+09:00 DEBUG 14335 --- [coupon-api] [           main] org.hibernate.mapping.BasicValue         : Skipping column re-registration: discount_rule.sale_percent
2024-12-18T10:31:13.270+09:00 DEBUG 14335 --- [coupon-api] [           main] o.h.boot.model.internal.PropertyBinder   : Building property salePercent
2024-12-18T10:31:13.271+09:00 DEBUG 14335 --- [coupon-api] [           main] o.h.b.r.c.i.ClassLoaderServiceImpl       : HHH000194: Package not found or no package-info.java: store.aurora.entity
2024-12-18T10:31:13.273+09:00 DEBUG 14335 --- [coupon-api] [           main] o.h.boot.model.internal.EntityBinder     : Binding entity from annotated class: store.aurora.entity.UserCoupon
[...]
Hibernate: insert into user_coupon (change_period,coupon_state,end_date,policy_id,start_date,user_id,coupon_id) values (?,?,?,?,?,?,default)
2024-12-18T10:31:18.810+09:00 DEBUG 14335 --- [coupon-api] [           main] org.hibernate.orm.results                : Initializer list is empty
2024-12-18T10:31:18.810+09:00 DEBUG 14335 --- [coupon-api] [           main] org.hibernate.orm.results.loading        : Calling top-level assembler (0 / 1) : org.hibernate.sql.results.graph.basic.BasicResultAssembler@7ab5b01a
2024-12-18T10:31:18.810+09:00 DEBUG 14335 --- [coupon-api] [           main] org.hibernate.orm.results                : Extracted JDBC value [0] - [9]
2024-12-18T10:31:18.810+09:00 DEBUG 14335 --- [coupon-api] [           main] o.h.id.IdentifierGeneratorHelper         : Extracted generated values [store.aurora.entity.UserCoupon]: [Ljava.lang.Object;@25fa5c0c
2024-12-18T10:31:18.810+09:00 DEBUG 14335 --- [coupon-api] [           main] o.s.orm.jpa.JpaTransactionManager        : Found thread-bound EntityManager [SessionImpl(648155246<open>)] for JPA transaction
2024-12-18T10:31:18.810+09:00 DEBUG 14335 --- [coupon-api] [           main] o.s.orm.jpa.JpaTransactionManager        : Participating in existing transaction
2024-12-18T10:31:18.810+09:00 DEBUG 14335 --- [coupon-api] [           main] o.h.j.internal.PersistenceUnitUtilImpl   : jakarta.persistence.PersistenceUnitUtil.getIdentifier is only intended to work with enhanced entities (although Hibernate also adapts this support to its proxies); however the passed entity was not enhanced (nor a proxy).. may not be able to read identifier
2024-12-18T10:31:18.811+09:00 DEBUG 14335 --- [coupon-api] [           main] org.hibernate.engine.spi.ActionQueue     : Executing identity-insert immediately
2024-12-18T10:31:18.811+09:00 DEBUG 14335 --- [coupon-api] [           main] org.hibernate.SQL                        : insert into user_coupon (change_period,coupon_state,end_date,policy_id,start_date,user_id,coupon_id) values (?,?,?,?,?,?,default)
Hibernate: insert into user_coupon (change_period,coupon_state,end_date,policy_id,start_date,user_id,coupon_id) values (?,?,?,?,?,?,default)
2024-12-18T10:31:18.811+09:00 DEBUG 14335 --- [coupon-api] [           main] org.hibernate.orm.results                : Initializer list is empty
2024-12-18T10:31:18.811+09:00 DEBUG 14335 --- [coupon-api] [           main] org.hibernate.orm.results.loading        : Calling top-level assembler (0 / 1) : org.hibernate.sql.results.graph.basic.BasicResultAssembler@30f74965
2024-12-18T10:31:18.811+09:00 DEBUG 14335 --- [coupon-api] [           main] org.hibernate.orm.results                : Extracted JDBC value [0] - [10]
2024-12-18T10:31:18.811+09:00 DEBUG 14335 --- [coupon-api] [           main] o.h.id.IdentifierGeneratorHelper         : Extracted generated values [store.aurora.entity.UserCoupon]: [Ljava.lang.Object;@65c75870
2024-12-18T10:31:18.813+09:00 DEBUG 14335 --- [coupon-api] [           main] org.springframework.test.context.cache   : Spring test ApplicationContext cache statistics: [DefaultContextCache@47c019d7 size = 1, maxSize = 32, parentContextCount = 0, hitCount = 53, missCount = 1, failureCount = 0]
2024-12-18T10:31:18.814+09:00 DEBUG 14335 --- [coupon-api] [           main] o.s.orm.jpa.JpaTransactionManager        : Found thread-bound EntityManager [SessionImpl(648155246<open>)] for JPA transaction
2024-12-18T10:31:18.814+09:00 DEBUG 14335 --- [coupon-api] [           main] o.s.orm.jpa.JpaTransactionManager        : Participating in existing transaction
2024-12-18T10:31:18.817+09:00 DEBUG 14335 --- [coupon-api] [           main] org.hibernate.orm.sql.ast.create         : Created new SQL alias : uc1_0
2024-12-18T10:31:18.817+09:00 DEBUG 14335 --- [coupon-api] [           main] org.hibernate.orm.sql.ast.create         : Registration of TableGroup [StandardTableGroup(store.aurora.entity.UserCoupon(u))] with identifierForTableGroup [store.aurora.entity.UserCoupon] for NavigablePath [store.aurora.entity.UserCoupon] 
2024-12-18T10:31:18.818+09:00 DEBUG 14335 --- [coupon-api] [           main] o.h.q.sqm.sql.BaseSqmToSqlAstConverter   : Determining mapping-model type for SqmParameter : SqmNamedParameter(usedState)
2024-12-18T10:31:18.818+09:00 DEBUG 14335 --- [coupon-api] [           main] o.h.q.sqm.sql.BaseSqmToSqlAstConverter   : Determining mapping-model type for SqmPath : SqmBasicValuedSimplePath(store.aurora.entity.UserCoupon(u).couponState) 
2024-12-18T10:31:18.819+09:00 DEBUG 14335 --- [coupon-api] [           main] o.h.q.sqm.sql.BaseSqmToSqlAstConverter   : Determining mapping-model type for SqmParameter : SqmNamedParameter(timeoutState)
2024-12-18T10:31:18.819+09:00 DEBUG 14335 --- [coupon-api] [           main] o.h.q.sqm.sql.BaseSqmToSqlAstConverter   : Determining mapping-model type for SqmPath : SqmBasicValuedSimplePath(store.aurora.entity.UserCoupon(u).couponState) 
2024-12-18T10:31:18.819+09:00 DEBUG 14335 --- [coupon-api] [           main] o.h.q.sqm.sql.BaseSqmToSqlAstConverter   : Determining mapping-model type for SqmParameter : SqmNamedParameter(ninetyDaysAgo)
2024-12-18T10:31:18.819+09:00 DEBUG 14335 --- [coupon-api] [           main] o.h.q.sqm.sql.BaseSqmToSqlAstConverter   : Determining mapping-model type for SqmPath : SqmBasicValuedSimplePath(store.aurora.entity.UserCoupon(u).changedDate) 
2024-12-18T10:31:18.823+09:00 DEBUG 14335 --- [coupon-api] [           main] o.h.e.i.AbstractFlushingEventListener    : Processing flush-time cascades
2024-12-18T10:31:18.824+09:00 DEBUG 14335 --- [coupon-api] [           main] o.h.e.i.AbstractFlushingEventListener    : Dirty checking collections
2024-12-18T10:31:18.824+09:00 DEBUG 14335 --- [coupon-api] [           main] o.h.e.i.AbstractFlushingEventListener    : Flushed: 0 insertions, 0 updates, 0 deletions to 4 objects
2024-12-18T10:31:18.824+09:00 DEBUG 14335 --- [coupon-api] [           main] o.h.e.i.AbstractFlushingEventListener    : Flushed: 0 (re)creations, 0 updates, 0 removals to 0 collections
2024-12-18T10:31:18.824+09:00 DEBUG 14335 --- [coupon-api] [           main] o.hibernate.internal.util.EntityPrinter  : Listing entities:
2024-12-18T10:31:18.825+09:00 DEBUG 14335 --- [coupon-api] [           main] o.hibernate.internal.util.EntityPrinter  : store.aurora.entity.UserCoupon{changedDate=null, endDate=2024-12-17, couponId=9, userId=1, startDate=2024-12-08, couponState=LIVE, policy=store.aurora.entity.CouponPolicy#5}
2024-12-18T10:31:18.825+09:00 DEBUG 14335 --- [coupon-api] [           main] o.hibernate.internal.util.EntityPrinter  : store.aurora.entity.UserCoupon{changedDate=null, endDate=2024-12-23, couponId=10, userId=2, startDate=2024-12-08, couponState=LIVE, policy=store.aurora.entity.CouponPolicy#5}
2024-12-18T10:31:18.825+09:00 DEBUG 14335 --- [coupon-api] [           main] o.hibernate.internal.util.EntityPrinter  : store.aurora.entity.CouponPolicy{saleType=AMOUNT, name=Test Policy, id=5, discountRule=store.aurora.entity.DiscountRule#5}
2024-12-18T10:31:18.825+09:00 DEBUG 14335 --- [coupon-api] [           main] o.hibernate.internal.util.EntityPrinter  : store.aurora.entity.DiscountRule{saleAmount=10000, needCost=null, maxSale=null, salePercent=null, id=5}
2024-12-18T10:31:18.825+09:00 DEBUG 14335 --- [coupon-api] [           main] org.hibernate.SQL                        : delete from user_coupon uc1_0 where uc1_0.coupon_state in (?,?) and uc1_0.change_period<?
Hibernate: delete from user_coupon uc1_0 where uc1_0.coupon_state in (?,?) and uc1_0.change_period<?
2024-12-18T10:31:18.827+09:00 DEBUG 14335 --- [coupon-api] [           main] o.h.e.i.AbstractFlushingEventListener    : Processing flush-time cascades
2024-12-18T10:31:18.827+09:00 DEBUG 14335 --- [coupon-api] [           main] o.h.e.i.AbstractFlushingEventListener    : Dirty checking collections
2024-12-18T10:31:18.827+09:00 DEBUG 14335 --- [coupon-api] [           main] o.h.e.i.AbstractFlushingEventListener    : Flushed: 0 insertions, 0 updates, 0 deletions to 4 objects
2024-12-18T10:31:18.827+09:00 DEBUG 14335 --- [coupon-api] [           main] o.h.e.i.AbstractFlushingEventListener    : Flushed: 0 (re)creations, 0 updates, 0 removals to 0 collections
2024-12-18T10:31:18.827+09:00 DEBUG 14335 --- [coupon-api] [           main] o.hibernate.internal.util.EntityPrinter  : Listing entities:
2024-12-18T10:31:18.827+09:00 DEBUG 14335 --- [coupon-api] [           main] o.hibernate.internal.util.EntityPrinter  : store.aurora.entity.UserCoupon{changedDate=null, endDate=2024-12-17, couponId=9, userId=1, startDate=2024-12-08, couponState=LIVE, policy=store.aurora.entity.CouponPolicy#5}
2024-12-18T10:31:18.827+09:00 DEBUG 14335 --- [coupon-api] [           main] o.hibernate.internal.util.EntityPrinter  : store.aurora.entity.UserCoupon{changedDate=null, endDate=2024-12-23, couponId=10, userId=2, startDate=2024-12-08, couponState=LIVE, policy=store.aurora.entity.CouponPolicy#5}
2024-12-18T10:31:18.827+09:00 DEBUG 14335 --- [coupon-api] [           main] o.hibernate.internal.util.EntityPrinter  : store.aurora.entity.CouponPolicy{saleType=AMOUNT, name=Test Policy, id=5, discountRule=store.aurora.entity.DiscountRule#5}
2024-12-18T10:31:18.828+09:00 DEBUG 14335 --- [coupon-api] [           main] o.hibernate.internal.util.EntityPrinter  : store.aurora.entity.DiscountRule{saleAmount=10000, needCost=null, maxSale=null, salePercent=null, id=5}
2024-12-18T10:31:18.828+09:00 DEBUG 14335 --- [coupon-api] [           main] o.s.orm.jpa.JpaTransactionManager        : Found thread-bound EntityManager [SessionImpl(648155246<open>)] for JPA transaction
2024-12-18T10:31:18.828+09:00 DEBUG 14335 --- [coupon-api] [           main] o.s.orm.jpa.JpaTransactionManager        : Participating in existing transaction
2024-12-18T10:31:18.829+09:00 DEBUG 14335 --- [coupon-api] [           main] org.hibernate.orm.sql.ast.create         : Created new SQL alias : uc1_0
2024-12-18T10:31:18.829+09:00 DEBUG 14335 --- [coupon-api] [           main] org.hibernate.orm.sql.ast.create         : Registration of TableGroup [StandardTableGroup(store.aurora.entity.UserCoupon(48102396858625))] with identifierForTableGroup [store.aurora.entity.UserCoupon] for NavigablePath [store.aurora.entity.UserCoupon] 
2024-12-18T10:31:18.829+09:00 DEBUG 14335 --- [coupon-api] [           main] org.hibernate.orm.sql.ast.create         : Registration of TableGroup [org.hibernate.sql.ast.tree.from.LazyTableGroup@2e78213c] with identifierForTableGroup [store.aurora.entity.UserCoupon.policy] for NavigablePath [store.aurora.entity.UserCoupon.policy] 
2024-12-18T10:31:18.829+09:00 DEBUG 14335 --- [coupon-api] [           main] org.hibernate.orm.results.graph.AST      : DomainResult Graph:
 \-EntityResultImpl [store.aurora.entity.UserCoupon(48102396858625)]
 |  +-BasicFetch [store.aurora.entity.UserCoupon(48102396858625).changedDate]
 |  +-BasicFetch [store.aurora.entity.UserCoupon(48102396858625).couponState]
 |  +-BasicFetch [store.aurora.entity.UserCoupon(48102396858625).endDate]
 |  +-EntityDelayedFetchImpl [store.aurora.entity.UserCoupon(48102396858625).policy]
 |  +-BasicFetch [store.aurora.entity.UserCoupon(48102396858625).startDate]
 |  \-BasicFetch [store.aurora.entity.UserCoupon(48102396858625).userId]

2024-12-18T10:31:18.829+09:00 DEBUG 14335 --- [coupon-api] [           main] org.hibernate.orm.sql.ast.tree           : SQL AST Tree:
    SelectStatement {
      FromClause {
        StandardTableGroup (uc1 : store.aurora.entity.UserCoupon(48102396858625)) {
          primaryTableReference : user_coupon as uc1_0
          TableGroupJoins {
            left  join LazyTableGroup (p1 : store.aurora.entity.UserCoupon(48102396858625).policy) {
            }
          }
        }
      }
    }

2024-12-18T10:31:18.829+09:00 DEBUG 14335 --- [coupon-api] [           main] org.hibernate.orm.sql.exec               : Skipping reading Query result cache data: cache-enabled = false, cache-mode = NORMAL
2024-12-18T10:31:18.829+09:00 DEBUG 14335 --- [coupon-api] [           main] org.hibernate.orm.results                : Initializer list:
	  store.aurora.entity.UserCoupon(48102396858625) -> EntityResultInitializer(store.aurora.entity.UserCoupon(48102396858625))@2042923733 (SingleTableEntityPersister(store.aurora.entity.UserCoupon))
	  store.aurora.entity.UserCoupon(48102396858625).policy -> EntityDelayedFetchInitializer(store.aurora.entity.UserCoupon(48102396858625).policy)@970274668 (ToOneAttributeMapping(NavigableRole[store.aurora.entity.UserCoupon.policy])@296904339)

2024-12-18T10:31:18.829+09:00 DEBUG 14335 --- [coupon-api] [           main] org.hibernate.SQL                        : select uc1_0.coupon_id,uc1_0.change_period,uc1_0.coupon_state,uc1_0.end_date,uc1_0.policy_id,uc1_0.start_date,uc1_0.user_id from user_coupon uc1_0
Hibernate: select uc1_0.coupon_id,uc1_0.change_period,uc1_0.coupon_state,uc1_0.end_date,uc1_0.policy_id,uc1_0.start_date,uc1_0.user_id from user_coupon uc1_0
2024-12-18T10:31:18.830+09:00 DEBUG 14335 --- [coupon-api] [           main] org.hibernate.orm.results                : Extracted JDBC value [0] - [9]
2024-12-18T10:31:18.830+09:00 DEBUG 14335 --- [coupon-api] [           main] o.hibernate.orm.results.loading.entity   : (EntityResultInitializer) Hydrated EntityKey (store.aurora.entity.UserCoupon(48102396858625)): 9
2024-12-18T10:31:18.830+09:00 DEBUG 14335 --- [coupon-api] [           main] o.hibernate.orm.results.loading.entity   : (EntityResultInitializer) Created new entity instance [store.aurora.entity.UserCoupon(48102396858625)#9] : 302757301
2024-12-18T10:31:18.830+09:00 DEBUG 14335 --- [coupon-api] [           main] org.hibernate.orm.results                : Extracted JDBC value [4] - [5]
2024-12-18T10:31:18.830+09:00 DEBUG 14335 --- [coupon-api] [           main] org.hibernate.orm.results                : Extracted JDBC value [1] - [null]
2024-12-18T10:31:18.830+09:00 DEBUG 14335 --- [coupon-api] [           main] org.hibernate.orm.results                : Extracted JDBC value [2] - [LIVE]
2024-12-18T10:31:18.830+09:00 DEBUG 14335 --- [coupon-api] [           main] org.hibernate.orm.results                : Extracted JDBC value [3] - [2024-12-17]
2024-12-18T10:31:18.831+09:00 DEBUG 14335 --- [coupon-api] [           main] org.hibernate.orm.results                : Extracted JDBC value [5] - [2024-12-08]
2024-12-18T10:31:18.831+09:00 DEBUG 14335 --- [coupon-api] [           main] org.hibernate.orm.results                : Extracted JDBC value [6] - [1]
2024-12-18T10:31:18.831+09:00 DEBUG 14335 --- [coupon-api] [           main] o.hibernate.orm.results.loading.entity   : (EntityResultInitializer) Done materializing entityInstance : store.aurora.entity.UserCoupon(48102396858625)#9
2024-12-18T10:31:18.831+09:00 DEBUG 14335 --- [coupon-api] [           main] org.hibernate.orm.results.loading        : Calling top-level assembler (0 / 1) : org.hibernate.sql.results.graph.entity.internal.EntityAssembler@2f59ecf
2024-12-18T10:31:18.831+09:00 DEBUG 14335 --- [coupon-api] [           main] org.hibernate.orm.results                : Extracted JDBC value [0] - [10]
2024-12-18T10:31:18.831+09:00 DEBUG 14335 --- [coupon-api] [           main] o.hibernate.orm.results.loading.entity   : (EntityResultInitializer) Hydrated EntityKey (store.aurora.entity.UserCoupon(48102396858625)): 10
2024-12-18T10:31:18.831+09:00 DEBUG 14335 --- [coupon-api] [           main] o.hibernate.orm.results.loading.entity   : (EntityResultInitializer) Created new entity instance [store.aurora.entity.UserCoupon(48102396858625)#10] : 2006507157
2024-12-18T10:31:18.831+09:00 DEBUG 14335 --- [coupon-api] [           main] org.hibernate.orm.results                : Extracted JDBC value [4] - [5]
2024-12-18T10:31:18.831+09:00 DEBUG 14335 --- [coupon-api] [           main] org.hibernate.orm.results                : Extracted JDBC value [1] - [null]
2024-12-18T10:31:18.831+09:00 DEBUG 14335 --- [coupon-api] [           main] org.hibernate.orm.results                : Extracted JDBC value [2] - [LIVE]
2024-12-18T10:31:18.832+09:00 DEBUG 14335 --- [coupon-api] [           main] org.hibernate.orm.results                : Extracted JDBC value [3] - [2024-12-23]
2024-12-18T10:31:18.832+09:00 DEBUG 14335 --- [coupon-api] [           main] org.hibernate.orm.results                : Extracted JDBC value [5] - [2024-12-08]
2024-12-18T10:31:18.832+09:00 DEBUG 14335 --- [coupon-api] [           main] org.hibernate.orm.results                : Extracted JDBC value [6] - [2]
2024-12-18T10:31:18.832+09:00 DEBUG 14335 --- [coupon-api] [           main] o.hibernate.orm.results.loading.entity   : (EntityResultInitializer) Done materializing entityInstance : store.aurora.entity.UserCoupon(48102396858625)#10
2024-12-18T10:31:18.832+09:00 DEBUG 14335 --- [coupon-api] [           main] org.hibernate.orm.results.loading        : Calling top-level assembler (0 / 1) : org.hibernate.sql.results.graph.entity.internal.EntityAssembler@2f59ecf
2024-12-18T10:31:18.832+09:00 DEBUG 14335 --- [coupon-api] [           main] org.springframework.test.context.cache   : Spring test ApplicationContext cache statistics: [DefaultContextCache@47c019d7 size = 1, maxSize = 32, parentContextCount = 0, hitCount = 54, missCount = 1, failureCount = 0]
2024-12-18T10:31:18.832+09:00 DEBUG 14335 --- [coupon-api] [           main] org.springframework.test.context.cache   : Spring test ApplicationContext cache statistics: [DefaultContextCache@47c019d7 size = 1, maxSize = 32, parentContextCount = 0, hitCount = 55, missCount = 1, failureCount = 0]
2024-12-18T10:31:18.833+09:00 DEBUG 14335 --- [coupon-api] [           main] org.springframework.test.context.cache   : Spring test ApplicationContext cache statistics: [DefaultContextCache@47c019d7 size = 1, maxSize = 32, parentContextCount = 0, hitCount = 56, missCount = 1, failureCount = 0]
2024-12-18T10:31:18.833+09:00 DEBUG 14335 --- [coupon-api] [           main] org.springframework.test.context.cache   : Spring test ApplicationContext cache statistics: [DefaultContextCache@47c019d7 size = 1, maxSize = 32, parentContextCount = 0, hitCount = 57, missCount = 1, failureCount = 0]
2024-12-18T10:31:18.833+09:00 DEBUG 14335 --- [coupon-api] [           main] org.springframework.test.context.cache   : Spring test ApplicationContext cache statistics: [DefaultContextCache@47c019d7 size = 1, maxSize = 32, parentContextCount = 0, hitCount = 58, missCount = 1, failureCount = 0]
2024-12-18T10:31:18.833+09:00 DEBUG 14335 --- [coupon-api] [           main] org.springframework.test.context.cache   : Spring test ApplicationContext cache statistics: [DefaultContextCache@47c019d7 size = 1, maxSize = 32, parentContextCount = 0, hitCount = 59, missCount = 1, failureCount = 0]
2024-12-18T10:31:18.833+09:00 DEBUG 14335 --- [coupon-api] [           main] o.s.orm.jpa.JpaTransactionManager        : Initiating transaction rollback
2024-12-18T10:31:18.833+09:00 DEBUG 14335 --- [coupon-api] [           main] o.s.orm.jpa.JpaTransactionManager        : Rolling back JPA transaction on EntityManager [SessionImpl(648155246<open>)]
2024-12-18T10:31:18.833+09:00 DEBUG 14335 --- [coupon-api] [           main] o.h.e.t.internal.TransactionImpl         : rolling back
2024-12-18T10:31:18.835+09:00 DEBUG 14335 --- [coupon-api] [           main] o.s.orm.jpa.JpaTransactionManager        : Closing JPA EntityManager [SessionImpl(648155246<open>)] after transaction
2024-12-18T10:31:18.835+09:00 DEBUG 14335 --- [coupon-api] [           main] o.s.t.c.transaction.TransactionContext   : Rolled back transaction (1) for test class [store.aurora.CouponRepositoryTest]; test method [testDeleteExpiredCoupons]
2024-12-18T10:31:18.835+09:00 DEBUG 14335 --- [coupon-api] [           main] .c.s.DirtiesContextTestExecutionListener : After test method: class [CouponRepositoryTest], method [testDeleteExpiredCoupons], class annotated with @DirtiesContext [false] with mode [null], method annotated with @DirtiesContext [false] with mode [null]
]]></system-out>
  </testcase>
</testsuite>