<?xml version="1.0" encoding="UTF-8"?>
<testsuite xmlns:xsi="http://www.w3.org/2001/XMLSchema-instance" xsi:noNamespaceSchemaLocation="https://maven.apache.org/surefire/maven-surefire-plugin/xsd/surefire-test-report-3.0.xsd" version="3.0" name="store.aurora.CouponRepositoryTest" time="3.45" tests="6" errors="0" skipped="0" failures="0">
  <properties>
[...]
</properties>
  <testcase name="testFindByUserId" classname="store.aurora.CouponRepositoryTest" time="0.258">
    <system-out><![CDATA[2024-12-19 15:31:23 [main] &amp#27;[34mINFO &amp#27;[0;39m &amp#27;[36mo.s.t.c.s.AnnotationConfigContextLoaderUtils&amp#27;[0;39m - Could not detect default configuration classes for test class [store.aurora.CouponRepositoryTest]: CouponRepositoryTest does not declare any static, non-private, non-final, nested classes annotated with @Configuration.
2024-12-19 15:31:23 [main] &amp#27;[34mINFO &amp#27;[0;39m &amp#27;[36mo.s.b.t.c.SpringBootTestContextBootstrapper&amp#27;[0;39m - Found @SpringBootConfiguration store.aurora.CouponApplication for test class store.aurora.CouponRepositoryTest
[INFO] logback-appender close.
  .   ____          _            __ _ _
 /\\ / ___'_ __ _ _(_)_ __  __ _ \ \ \ \
( ( )\___ | '_ | '_| | '_ \/ _` | \ \ \ \
 \\/  ___)| |_)| | | | | || (_| |  ) ) ) )
  '  |____| .__|_| |_|_| |_\__, | / / / /
 =========|_|==============|___/=/_/_/_/

 :: Spring Boot ::                (v3.3.0)

2024-12-19 15:31:23 [main] &amp#27;[31mWARN &amp#27;[0;39m &amp#27;[36mo.s.b.t.j.DuplicateJsonObjectContextCustomizerFactory$DuplicateJsonObjectContextCustomizer&amp#27;[0;39m - 

Found multiple occurrences of org.json.JSONObject on the class path:

	jar:file:/Users/asdf/.m2/repository/com/vaadin/external/google/android-json/0.0.20131108.vaadin1/android-json-0.0.20131108.vaadin1.jar!/org/json/JSONObject.class
	jar:file:/Users/asdf/.m2/repository/org/json/json/20240303/json-20240303.jar!/org/json/JSONObject.class

You may wish to exclude one of them to ensure predictable runtime behavior

2024-12-19 15:31:23 [main] &amp#27;[34mINFO &amp#27;[0;39m &amp#27;[36mstore.aurora.CouponRepositoryTest&amp#27;[0;39m - Starting CouponRepositoryTest using Java 21.0.4 with PID 22530 (started by asdf in /Users/asdf/5rora-coupon-api)
2024-12-19 15:31:23 [main] &amp#27;[34mINFO &amp#27;[0;39m &amp#27;[36mstore.aurora.CouponRepositoryTest&amp#27;[0;39m - No active profile set, falling back to 1 default profile: "default"
2024-12-19 15:31:24 [main] &amp#27;[34mINFO &amp#27;[0;39m &amp#27;[36mo.s.d.r.c.RepositoryConfigurationDelegate&amp#27;[0;39m - Bootstrapping Spring Data JPA repositories in DEFAULT mode.
2024-12-19 15:31:24 [main] &amp#27;[34mINFO &amp#27;[0;39m &amp#27;[36mo.s.d.r.c.RepositoryConfigurationDelegate&amp#27;[0;39m - Finished Spring Data repository scanning in 51 ms. Found 5 JPA repository interfaces.
2024-12-19 15:31:24 [main] &amp#27;[34mINFO &amp#27;[0;39m &amp#27;[36mo.s.b.t.a.j.TestDatabaseAutoConfiguration$EmbeddedDataSourceBeanFactoryPostProcessor&amp#27;[0;39m - Replacing 'dataSource' DataSource bean with embedded version
2024-12-19 15:31:24 [main] &amp#27;[34mINFO &amp#27;[0;39m &amp#27;[36mo.s.j.d.e.EmbeddedDatabaseFactory&amp#27;[0;39m - Starting embedded database: url='jdbc:h2:mem:cf08c40a-cfb9-4623-bd85-8d65a2a1abeb;DB_CLOSE_DELAY=-1;DB_CLOSE_ON_EXIT=false', username='sa'
2024-12-19 15:31:24 [main] &amp#27;[34mINFO &amp#27;[0;39m &amp#27;[36mo.h.jpa.internal.util.LogHelper&amp#27;[0;39m - HHH000204: Processing PersistenceUnitInfo [name: default]
2024-12-19 15:31:24 [main] &amp#27;[34mINFO &amp#27;[0;39m &amp#27;[36mo.h.c.i.RegionFactoryInitiator&amp#27;[0;39m - HHH000026: Second-level cache disabled
2024-12-19 15:31:24 [main] &amp#27;[34mINFO &amp#27;[0;39m &amp#27;[36mo.s.o.j.p.SpringPersistenceUnitInfo&amp#27;[0;39m - No LoadTimeWeaver setup: ignoring JPA class transformer
2024-12-19 15:31:25 [main] &amp#27;[34mINFO &amp#27;[0;39m &amp#27;[36mo.h.e.t.j.p.i.JtaPlatformInitiator&amp#27;[0;39m - HHH000489: No JTA platform available (set 'hibernate.transaction.jta.platform' to enable JTA platform integration)
Hibernate: drop table if exists book_policy cascade 
Hibernate: drop table if exists category_policy cascade 
Hibernate: drop table if exists coupon_policy cascade 
Hibernate: drop table if exists discount_rule cascade 
Hibernate: drop table if exists user_coupon cascade 
Hibernate: create table book_policy (book_coupon bigint generated by default as identity, book_id bigint not null, policy_id bigint not null, primary key (book_coupon))
Hibernate: create table category_policy (category_coupon bigint generated by default as identity, category_id bigint not null, policy_id bigint not null, primary key (category_coupon))
Hibernate: create table coupon_policy (sale_type tinyint not null check (sale_type between 0 and 1), discount_id bigint not null, policy_id bigint generated by default as identity, policy_name varchar(255) not null, primary key (policy_id))
Hibernate: create table discount_rule (max_sale integer, need_cost integer, sale_amount integer, sale_percent integer, discount_id bigint generated by default as identity, primary key (discount_id))
Hibernate: create table user_coupon (change_period date, end_date date, start_date date not null, coupon_id bigint generated by default as identity, policy_id bigint not null, user_id bigint not null, coupon_state ENUM('LIVE', 'USED', 'TIMEOUT') DEFAULT 'LIVE', primary key (coupon_id))
Hibernate: alter table if exists book_policy add constraint FKk3vq2qtftgngkusggcumqpn0r foreign key (policy_id) references coupon_policy
Hibernate: alter table if exists category_policy add constraint FKkygve14cjq0cwdddrfmsix2r foreign key (policy_id) references coupon_policy
Hibernate: alter table if exists coupon_policy add constraint FKr0ka0sjj7rugqusu99b6pfr6s foreign key (discount_id) references discount_rule
Hibernate: alter table if exists user_coupon add constraint FKsamxnfsj7b3wwxyw5gt69sfe1 foreign key (policy_id) references coupon_policy
2024-12-19 15:31:25 [main] &amp#27;[34mINFO &amp#27;[0;39m &amp#27;[36mo.s.o.j.LocalContainerEntityManagerFactoryBean&amp#27;[0;39m - Initialized JPA EntityManagerFactory for persistence unit 'default'
2024-12-19 15:31:25 [main] &amp#27;[34mINFO &amp#27;[0;39m &amp#27;[36mo.s.d.j.r.query.QueryEnhancerFactory&amp#27;[0;39m - Hibernate is in classpath; If applicable, HQL parser will be used.
2024-12-19 15:31:26 [main] &amp#27;[34mINFO &amp#27;[0;39m &amp#27;[36mstore.aurora.CouponRepositoryTest&amp#27;[0;39m - Started CouponRepositoryTest in 2.857 seconds (process running for 23.322)
Hibernate: insert into discount_rule (max_sale,need_cost,sale_amount,sale_percent,discount_id) values (?,?,?,?,default)
Hibernate: insert into coupon_policy (discount_id,policy_name,sale_type,policy_id) values (?,?,?,default)
Hibernate: insert into user_coupon (change_period,coupon_state,end_date,policy_id,start_date,user_id,coupon_id) values (?,?,?,?,?,?,default)
Hibernate: insert into user_coupon (change_period,coupon_state,end_date,policy_id,start_date,user_id,coupon_id) values (?,?,?,?,?,?,default)
Hibernate: select uc1_0.coupon_id,uc1_0.change_period,uc1_0.coupon_state,uc1_0.end_date,uc1_0.policy_id,uc1_0.start_date,uc1_0.user_id from user_coupon uc1_0 where uc1_0.user_id=?
]]></system-out>
  </testcase>
  <testcase name="testUpdateCouponStateByUserIds" classname="store.aurora.CouponRepositoryTest" time="0.049">
    <system-out><![CDATA[Hibernate: insert into discount_rule (max_sale,need_cost,sale_amount,sale_percent,discount_id) values (?,?,?,?,default)
Hibernate: insert into coupon_policy (discount_id,policy_name,sale_type,policy_id) values (?,?,?,default)
Hibernate: insert into user_coupon (change_period,coupon_state,end_date,policy_id,start_date,user_id,coupon_id) values (?,?,?,?,?,?,default)
Hibernate: insert into user_coupon (change_period,coupon_state,end_date,policy_id,start_date,user_id,coupon_id) values (?,?,?,?,?,?,default)
Hibernate: update user_coupon uc1_0 set coupon_state=? where uc1_0.user_id in (?,?)
Hibernate: select uc1_0.coupon_id,uc1_0.change_period,uc1_0.coupon_state,uc1_0.end_date,uc1_0.policy_id,uc1_0.start_date,uc1_0.user_id from user_coupon uc1_0 where uc1_0.user_id in (?,?)
]]></system-out>
  </testcase>
  <testcase name="testUpdateExpiredCoupons" classname="store.aurora.CouponRepositoryTest" time="0.052">
    <system-out><![CDATA[Hibernate: insert into discount_rule (max_sale,need_cost,sale_amount,sale_percent,discount_id) values (?,?,?,?,default)
Hibernate: insert into coupon_policy (discount_id,policy_name,sale_type,policy_id) values (?,?,?,default)
Hibernate: insert into user_coupon (change_period,coupon_state,end_date,policy_id,start_date,user_id,coupon_id) values (?,?,?,?,?,?,default)
Hibernate: insert into user_coupon (change_period,coupon_state,end_date,policy_id,start_date,user_id,coupon_id) values (?,?,?,?,?,?,default)
Hibernate: update user_coupon uc1_0 set coupon_state='timeout',change_period=current_date where uc1_0.end_date<current_date and uc1_0.coupon_state='live'
Hibernate: select uc1_0.coupon_id,uc1_0.change_period,uc1_0.coupon_state,uc1_0.end_date,uc1_0.policy_id,uc1_0.start_date,uc1_0.user_id from user_coupon uc1_0
]]></system-out>
  </testcase>
  <testcase name="testUpdateCouponEndDateByUserIds" classname="store.aurora.CouponRepositoryTest" time="0.033">
    <system-out><![CDATA[Hibernate: insert into discount_rule (max_sale,need_cost,sale_amount,sale_percent,discount_id) values (?,?,?,?,default)
Hibernate: insert into coupon_policy (discount_id,policy_name,sale_type,policy_id) values (?,?,?,default)
Hibernate: insert into user_coupon (change_period,coupon_state,end_date,policy_id,start_date,user_id,coupon_id) values (?,?,?,?,?,?,default)
Hibernate: insert into user_coupon (change_period,coupon_state,end_date,policy_id,start_date,user_id,coupon_id) values (?,?,?,?,?,?,default)
Hibernate: update user_coupon uc1_0 set end_date=? where uc1_0.user_id in (?,?)
Hibernate: select uc1_0.coupon_id,uc1_0.change_period,uc1_0.coupon_state,uc1_0.end_date,uc1_0.policy_id,uc1_0.start_date,uc1_0.user_id from user_coupon uc1_0 where uc1_0.coupon_id in (?,?)
]]></system-out>
  </testcase>
  <testcase name="testUpdateCouponPolicyByUserIds" classname="store.aurora.CouponRepositoryTest" time="0.033">
    <system-out><![CDATA[Hibernate: insert into discount_rule (max_sale,need_cost,sale_amount,sale_percent,discount_id) values (?,?,?,?,default)
Hibernate: insert into coupon_policy (discount_id,policy_name,sale_type,policy_id) values (?,?,?,default)
Hibernate: insert into user_coupon (change_period,coupon_state,end_date,policy_id,start_date,user_id,coupon_id) values (?,?,?,?,?,?,default)
Hibernate: insert into user_coupon (change_period,coupon_state,end_date,policy_id,start_date,user_id,coupon_id) values (?,?,?,?,?,?,default)
Hibernate: update user_coupon uc1_0 set policy_id=(select cp1_0.policy_id from coupon_policy cp1_0 where cp1_0.policy_id=?) where uc1_0.user_id in (?,?) and exists(select 1 from coupon_policy cp2_0 where cp2_0.policy_id=?)
Hibernate: select uc1_0.coupon_id,uc1_0.change_period,uc1_0.coupon_state,uc1_0.end_date,uc1_0.policy_id,uc1_0.start_date,uc1_0.user_id from user_coupon uc1_0 where uc1_0.coupon_id in (?,?)
]]></system-out>
  </testcase>
  <testcase name="testDeleteExpiredCoupons" classname="store.aurora.CouponRepositoryTest" time="0.044">
    <system-out><![CDATA[Hibernate: insert into discount_rule (max_sale,need_cost,sale_amount,sale_percent,discount_id) values (?,?,?,?,default)
Hibernate: insert into coupon_policy (discount_id,policy_name,sale_type,policy_id) values (?,?,?,default)
Hibernate: insert into user_coupon (change_period,coupon_state,end_date,policy_id,start_date,user_id,coupon_id) values (?,?,?,?,?,?,default)
Hibernate: insert into user_coupon (change_period,coupon_state,end_date,policy_id,start_date,user_id,coupon_id) values (?,?,?,?,?,?,default)
Hibernate: delete from user_coupon uc1_0 where uc1_0.coupon_state in (?,?) and uc1_0.change_period<?
Hibernate: select uc1_0.coupon_id,uc1_0.change_period,uc1_0.coupon_state,uc1_0.end_date,uc1_0.policy_id,uc1_0.start_date,uc1_0.user_id from user_coupon uc1_0
]]></system-out>
  </testcase>
</testsuite>